
D:\project\python_project\ALBERT\venv\Scripts>pip list
Package                                   Version
----------------------------------------- ---------
-pencv-python                             3.4.2.17
absl-py                                   0.10.0
argon2-cffi                               20.1.0
astor                                     0.8.1
async-generator                           1.10
attrs                                     21.1.0
Babel                                     2.9.1
backcall                                  0.2.0
beautifulsoup4                            4.9.3
bleach                                    3.3.0
certifi                                   2020.12.5
cffi                                      1.14.5
chardet                                   4.0.0
click                                     8.0.1
cmake                                     3.12.0
colorama                                  0.4.4
comtypes                                  1.1.10
cycler                                    0.10.0
decorator                                 4.4.2
defusedxml                                0.7.1
dlib                                      19.19.0
docopt                                    0.6.2
entrypoints                               0.3
enum34                                    1.1.10
et-xmlfile                                1.1.0
face-recognition                          1.3.0
face-recognition-models                   0.3.0
future                                    0.18.2
gast                                      0.2.2
ghp-import                                2.0.1
gitdb                                     4.0.7
GitPython                                 3.1.18
google-pasta                              0.2.0
grpcio                                    1.32.0
h5py                                      2.10.0
htmlmin                                   0.1.12
idna                                      2.10
imageio                                   2.9.0
importlib-metadata                        4.6.1
imutils                                   0.5.4
ipykernel                                 5.5.4
ipython                                   7.23.1
ipython-genutils                          0.2.0
ipywidgets                                7.6.3
jedi                                      0.18.0
jieba                                     0.42.1
Jinja2                                    2.11.3
joblib                                    1.0.1
jsmin                                     2.2.2
jsonschema                                3.2.0
jupyter                                   1.0.0
jupyter-client                            6.2.0
jupyter-console                           6.4.0
jupyter-core                              4.7.1
jupyterlab-pygments                       0.1.2
jupyterlab-widgets                        1.0.0
Keras                                     2.3.1
Keras-Applications                        1.0.8
Keras-Preprocessing                       1.1.2
kiwisolver                                1.3.1
lxml                                      4.6.3
Markdown                                  3.3.1
MarkupSafe                                1.1.1
matplotlib                                3.4.1
matplotlib-inline                         0.1.2
mediapipe                                 0.8.7
mergedeep                                 1.3.4
mistune                                   0.8.4
mkdocs                                    1.2.1
mkdocs-git-revision-date-localized-plugin 0.9.2
mkdocs-material                           7.1.9
mkdocs-material-extensions                1.0.1
mkdocs-minify-plugin                      0.4.0
mplfinance                                0.12.7a17
mpmath                                    1.2.1
nbclient                                  0.5.3
nbconvert                                 6.0.7
nbformat                                  5.1.3
nest-asyncio                              1.5.1
networkx                                  2.5.1
notebook                                  6.3.0
numpy                                     1.19.2
opencv-contrib-python                     4.5.3.56
opencv-python                             3.4.2.16
openpyxl                                  3.0.7
opt-einsum                                3.3.0
packaging                                 20.9
pandas                                    1.2.4
pandocfilters                             1.4.3
parso                                     0.8.2
pickleshare                               0.7.5
Pillow                                    8.1.2
pip                                       19.0.3
pipreqs                                   0.4.10
prometheus-client                         0.10.1
prompt-toolkit                            3.0.18
protobuf                                  3.13.0
psutil                                    5.8.0
pycaw                                     20181226
pycparser                                 2.20
Pygments                                  2.9.0
pymdown-extensions                        8.2
PyMySQL                                   1.0.2
pyparsing                                 2.4.7
PyQt5                                     5.15.4
PyQt5-Qt5                                 5.15.2
PyQt5-sip                                 12.9.0
PyQt5-stubs                               5.15.2.0
pyrsistent                                0.17.3
python-dateutil                           2.8.1
python-docx                               0.8.11
pytz                                      2021.1
PyWavelets                                1.1.1
pywin32                                   300
pywinpty                                  1.0.1
PyYAML                                    5.4.1
pyyaml-env-tag                            0.1
pyzmq                                     22.0.3
qtconsole                                 5.1.0
QtPy                                      1.9.0
requests                                  2.25.1
scikit-image                              0.18.1
scikit-learn                              0.24.2
scipy                                     1.2.1
selenium                                  3.141.0
Send2Trash                                1.5.0
sentencepiece                             0.1.92
setuptools                                50.3.0
six                                       1.15.0
sklearn                                   0.0
smmap                                     4.0.0
soupsieve                                 2.2.1
sympy                                     1.8
tensorboard                               1.15.0
tensorflow                                1.15.2
tensorflow-estimator                      1.15.1
tensorflow-hub                            0.7.0
termcolor                                 1.1.0
terminado                                 0.9.4
testpath                                  0.4.4
threadpoolctl                             2.1.0
tifffile                                  2021.4.8
torch                                     1.8.1
torchvision                               0.9.1
tornado                                   6.1
traitlets                                 5.0.5
typing-extensions                         3.7.4.3
urllib3                                   1.26.4
watchdog                                  2.1.3
wcwidth                                   0.2.5
webencodings                              0.5.1
Werkzeug                                  1.0.1
wheel                                     0.35.1
widgetsnbextension                        3.5.1
wordcloud                                 1.8.1
wrapt                                     1.12.1
xlrd                                      2.0.1
yarg                                      0.1.9
zipp                                      3.3.0
