
根据
https://blog.csdn.net/u011984148/article/details/115388524

(2) 手部关节点坐标(x,y,z)输出为小于1的小数，需要归一化后显示到图像上，这部分可以查看上部分源码后转到定义查看，
这里给出demo代码，另外Z坐标靠近屏幕增大，远离屏幕减小：

原文应该是公众号的 
opencv与ai深度学习
https://page.om.qq.com/page/OYlOwj5Ayc_OAm-ZW5KdTXRA0


-0.03157498687505722
-0.04905762895941734
-0.060991812497377396
-0.01687903329730034
-0.029288170859217644
-0.04045039415359497
-0.050503943115472794
-0.019659120589494705
-0.029941072687506676
-0.03799466788768768
-0.045725300908088684
Index finger tip coordinates: ( 339.23240661621094, 245.43105125427246)
=================
-1.76179273694288e-05
-0.01473181787878275
-0.022626440972089767
-0.028965655714273453
-0.03254636749625206
-0.011887007392942905
-0.026683595031499863
-0.040559593588113785
-0.04996039718389511
-0.011698014102876186
-0.02521674335002899
-0.04037299379706383
-0.050811588764190674
-0.013096272014081478
-0.023345381021499634
-0.0337042510509491
-0.04303496330976486
-0.015577567741274834
-0.02377677522599697
-0.030875902622938156
-0.03750251606106758
Index finger tip coordinates: ( 339.3539047241211, 246.2303638458252)
=================
-1.4635454135714099e-05
-0.00644490635022521
-0.004831621423363686
-0.004787347745150328
-0.002148616826161742
0.017208101227879524
0.011952287517488003
0.003023016033694148
-0.002790935803204775
0.015463707037270069
0.013925128616392612
0.00020776446035597473
-0.010304130613803864
0.011031565256416798
0.010776648297905922
0.0019476955058053136
-0.006912317126989365
0.005284054204821587
0.003937504719942808
-0.0005973002407699823
-0.005853660870343447
Index finger tip coordinates: ( 342.65819549560547, 252.75870323181152)
=================
-7.034786449366948e-06
-0.0010916402097791433
0.004133973270654678
0.007375989109277725
0.013928713276982307
0.028405848890542984
0.020009998232126236
0.0015660548815503716
-0.012109750881791115
0.0248796995729208
0.01180041953921318
-0.011636663228273392
-0.027200397104024887
0.018982239067554474
0.008646217174828053
-0.006361407693475485
-0.017164090648293495
0.012497133575379848
0.005559796001762152
-0.0024834407959133387
-0.007949555292725563
Index finger tip coordinates: ( 356.63108825683594, 271.1733055114746)
=================
-1.8684997485252097e-05
0.00481971213594079
0.010799617506563663
0.014058469794690609
0.021916821599006653
0.03745893016457558
0.03162399306893349
0.021834513172507286
0.019675960764288902
0.031479109078645706
0.02152618207037449
0.008691116236150265
0.0038878433406352997
0.02295011095702648
0.0166415236890316
0.0098674101755023
0.00749520817771554
0.01395121868699789
0.015339940786361694
0.015013391152024269
0.015314443968236446
Index finger tip coordinates: ( 368.551025390625, 289.7156810760498)
=================
-2.6962945412378758e-05
0.0018569736275821924
0.003751681186258793
0.0007259996491484344
0.00023656207486055791
0.027387190610170364
0.01040469016879797
-0.0013112397864460945
-0.003550565568730235
0.01996232010424137
-0.0018552136607468128
-0.01195820327848196
-0.00877473596483469
0.008243144489824772
-0.008393472991883755
-0.012326809577643871
-0.008170973509550095
-0.003631332190707326
-0.010298478417098522
-0.011852044612169266
-0.00936319213360548
Index finger tip coordinates: ( 368.8548278808594, 298.8584804534912)
=================
5.77701803194941e-06
0.00911039300262928
0.011885358020663261
0.009528017602860928
0.008070007897913456
0.024063684046268463
0.009564385749399662
0.004904613364487886
0.009827516973018646
0.016260217875242233
-0.0005320634809322655
-0.0009714090847410262
0.010065523907542229
0.005221570376306772
-0.009020102210342884
-0.008324441500008106
0.00020435733313206583
-0.0046457028947770596
-0.008162065409123898
-0.006231158040463924
0.00010104735702043399
Index finger tip coordinates: ( 372.9513168334961, 293.2436943054199)