=================
[(405, 368), (347, 351), (318, 301), (312, 251), (298, 210), (370, 234), (366, 173), (366, 133), (369, 99), (409, 233), (415, 164), (420, 123), (428, 86), (445, 243), (460, 180), (470, 141), (479, 105), (479, 262), (502, 217), (518, 189), (531, 159)]
Index finger tip coordinates: ( 369.45499420166016, 99.05067443847656)
=================
[(406, 367), (349, 345), (319, 294), (311, 248), (296, 204), (372, 226), (367, 165), (368, 126), (372, 92), (412, 224), (420, 158), (427, 115), (435, 78), (447, 236), (465, 177), (477, 138), (487, 103), (479, 260), (505, 216), (520, 186), (532, 156)]
Index finger tip coordinates: ( 372.28397369384766, 92.65644550323486)
=================
[(404, 364), (348, 340), (319, 288), (311, 241), (297, 198), (373, 220), (370, 159), (372, 120), (376, 86), (413, 219), (423, 153), (430, 111), (439, 74), (448, 232), (468, 173), (482, 135), (493, 99), (480, 256), (507, 214), (523, 185), (536, 156)]
Index finger tip coordinates: ( 376.53533935546875, 86.51877880096436)
=================
[(400, 361), (345, 334), (317, 281), (311, 233), (299, 189), (374, 213), (373, 153), (376, 114), (381, 81), (415, 214), (427, 148), (436, 106), (446, 70), (450, 228), (472, 169), (487, 131), (500, 97), (480, 253), (509, 211), (526, 182), (540, 153)]
Index finger tip coordinates: ( 381.75037384033203, 81.54935359954834)
=================
[(399, 357), (344, 327), (317, 273), (313, 223), (303, 180), (377, 206), (378, 147), (382, 110), (388, 78), (418, 208), (433, 144), (444, 104), (456, 69), (452, 223), (478, 167), (494, 131), (509, 98), (481, 249), (512, 210), (531, 182), (546, 154)]
Index finger tip coordinates: ( 388.22608947753906, 78.46158027648926)
=================
[(397, 352), (344, 318), (320, 263), (319, 214), (311, 169), (383, 201), (387, 142), (392, 107), (398, 76), (423, 205), (441, 142), (452, 105), (465, 71), (456, 220), (484, 166), (502, 132), (517, 99), (484, 246), (516, 209), (535, 183), (551, 155)]
Index finger tip coordinates: ( 398.7013244628906, 76.84321403503418)
=================
[(395, 348), (345, 312), (326, 254), (327, 205), (321, 162), (390, 196), (396, 140), (402, 105), (409, 75), (429, 202), (448, 143), (460, 108), (472, 76), (459, 219), (489, 167), (507, 135), (522, 104), (485, 245), (518, 210), (537, 186), (554, 160)]
Index finger tip coordinates: ( 409.78572845458984, 75.72305202484131)
=================
[(390, 343), (342, 303), (327, 245), (334, 197), (331, 153), (397, 191), (407, 136), (415, 103), (422, 74), (436, 200), (459, 143), (472, 110), (484, 79), (465, 219), (497, 171), (516, 140), (533, 110), (489, 247), (523, 215), (543, 192), (560, 168)]
Index finger tip coordinates: ( 422.21832275390625, 74.62533473968506)
=================
[(380, 338), (340, 292), (334, 231), (346, 185), (349, 140), (405, 187), (422, 135), (432, 103), (440, 74), (443, 202), (470, 152), (484, 122), (496, 94), (470, 224), (505, 182), (525, 155), (541, 129), (490, 254), (526, 227), (547, 208), (565, 185)]
Index finger tip coordinates: ( 440.6553268432617, 74.50062274932861)
=================
[(381, 335), (340, 287), (336, 225), (351, 180), (356, 134), (409, 185), (429, 134), (442, 103), (453, 75), (445, 203), (472, 155), (487, 127), (499, 101), (470, 227), (503, 186), (522, 161), (536, 136), (488, 260), (523, 
234), (543, 216), (558, 193)]
Index finger tip coordinates: ( 453.27735900878906, 75.07445812225342)
=================
[(380, 334), (340, 286), (335, 224), (348, 179), (354, 136), (408, 186), (426, 135), (439, 104), (451, 76), (442, 203), (470, 157), (484, 129), (496, 103), (466, 228), (500, 187), (518, 162), (533, 137), (484, 260), (519, 
235), (538, 217), (555, 196)]
Index finger tip coordinates: ( 451.1243438720703, 76.36018753051758)
=================
[(377, 332), (338, 285), (333, 225), (345, 181), (350, 137), (405, 186), (424, 137), (436, 106), (446, 77), (439, 203), (466, 157), (480, 128), (491, 103), (462, 227), (496, 188), (514, 162), (528, 137), (479, 260), (514, 
236), (533, 217), (548, 195)]
Index finger tip coordinates: ( 446.6942596435547, 77.89312362670898)
=================
[(374, 331), (335, 284), (331, 225), (342, 182), (346, 139), (401, 187), (419, 138), (430, 108), (439, 80), (434, 204), (461, 158), (474, 129), (484, 102), (458, 228), (491, 188), (508, 161), (521, 135), (474, 260), (509, 
235), (527, 215), (542, 192)]
Index finger tip coordinates: ( 439.9982452392578, 80.0324535369873)
=================
[(369, 337), (329, 293), (320, 237), (329, 196), (330, 155), (387, 191), (403, 145), (411, 118), (414, 92), (422, 205), (448, 162), (459, 136), (463, 113), (446, 228), (477, 191), (490, 166), (496, 142), (461, 259), (491, 
233), (504, 214), (510, 193)]
Index finger tip coordinates: ( 414.54601287841797, 92.4560022354126)
=================
[(364, 343), (323, 302), (312, 247), (319, 208), (321, 166), (378, 197), (390, 154), (392, 129), (386, 107), (412, 208), (438, 165), (443, 140), (437, 126), (434, 228), (465, 191), (471, 169), (463, 155), (450, 258), (478, 230), (484, 213), (478, 199)]
Index finger tip coordinates: ( 386.36863708496094, 107.39223003387451)
=================
[(365, 346), (322, 312), (306, 260), (310, 223), (313, 182), (366, 204), (381, 159), (380, 136), (369, 133), (397, 212), (423, 160), (418, 141), (400, 149), (421, 229), (451, 182), (445, 168), (428, 177), (442, 254), (469, 219), (466, 206), (452, 210)]
Index finger tip coordinates: ( 369.20677185058594, 133.0964756011963)
=================
[(368, 355), (321, 324), (300, 276), (301, 238), (303, 197), (347, 218), (363, 168), (347, 161), (332, 175), (377, 221), (397, 161), (376, 164), (359, 189), (403, 235), (425, 181), (405, 184), (387, 207), (429, 255), (448, 217), (433, 214), (415, 230)]
Index finger tip coordinates: ( 332.2089385986328, 175.9141731262207)
=================
[(355, 378), (311, 349), (290, 301), (287, 264), (288, 231), (333, 246), (332, 196), (310, 226), (302, 253), (359, 254), (357, 206), (330, 243), (326, 272), (381, 270), (377, 226), (346, 259), (340, 287), (399, 292), (392, 264), (368, 284), (359, 303)]
Index finger tip coordinates: ( 302.7150535583496, 253.24453353881836)
=================
[(350, 396), (310, 365), (289, 315), (279, 279), (273, 249), (319, 267), (299, 229), (284, 250), (279, 268), (342, 275), (310, 248), (301, 292), (311, 314), (362, 289), (328, 265), (319, 306), (328, 328), (381, 308), (350, 294), (340, 320), (346, 336)]
Index finger tip coordinates: ( 279.6062469482422, 268.77708435058594)
=================
[(343, 415), (303, 388), (281, 347), (270, 317), (275, 294), (305, 295), (283, 259), (267, 265), (260, 273), (327, 301), (289, 284), (288, 323), (301, 339), (346, 313), (306, 300), (304, 337), (317, 353), (364, 331), (328, 323), (322, 346), (330, 359)]
Index finger tip coordinates: ( 260.61744689941406, 273.50194931030273)
=================
[(396, 421), (320, 395), (288, 336), (275, 277), (251, 220), (373, 256), (385, 177), (399, 120), (415, 71), (427, 265), (456, 181), (478, 121), (502, 70), (473, 290), (518, 215), (546, 164), (571, 119), (512, 328), (561, 288), (595, 261), (627, 234)]
Index finger tip coordinates: ( 415.7585144042969, 71.80342197418213)
=================
[(397, 447), (320, 408), (283, 336), (272, 271), (251, 214), (371, 254), (379, 171), (390, 117), (403, 70), (428, 262), (451, 174), (469, 118), (489, 67), (474, 286), (512, 209), (536, 158), (559, 111), (514, 324), (564, 274), (594, 243), (621, 210)]
Index finger tip coordinates: ( 403.7883758544922, 70.44346332550049)
=================
[(395, 450), (320, 407), (281, 334), (270, 270), (251, 213), (368, 254), (372, 171), (381, 117), (393, 71), (422, 260), (442, 170), (457, 114), (476, 64), (467, 283), (505, 206), (528, 155), (550, 109), (506, 320), (555, 269), (584, 237), (610, 202)]
Index finger tip coordinates: ( 393.56319427490234, 71.44054412841797)
=================
[(396, 447), (322, 406), (283, 334), (269, 269), (247, 211), (364, 251), (367, 169), (375, 116), (385, 70), (418, 255), (435, 167), (448, 112), (465, 63), (463, 277), (498, 201), (520, 152), (539, 106), (503, 314), (550, 263), (577, 231), (602, 196)]
Index finger tip coordinates: ( 385.7158660888672, 70.55871963500977)
=================
[(395, 443), (321, 401), (282, 330), (269, 266), (246, 210), (363, 249), (365, 168), (371, 116), (381, 71), (415, 253), (431, 165), (442, 111), (457, 63), (459, 274), (492, 199), (512, 149), (530, 104), (498, 310), (542, 259), (568, 227), (591, 193)]
Index finger tip coordinates: ( 381.9330596923828, 71.08879566192627)
=================
[(392, 437), (321, 395), (284, 325), (272, 262), (249, 209), (357, 247), (358, 167), (364, 116), (373, 72), (408, 251), (420, 163), (431, 109), (444, 61), (451, 270), (481, 195), (499, 146), (515, 101), (490, 304), (529, 252), (553, 219), (574, 182)]
Index finger tip coordinates: ( 373.3995056152344, 72.29892253875732)
=================
[(392, 435), (322, 395), (285, 324), (272, 260), (248, 208), (357, 247), (357, 168), (363, 119), (371, 75), (407, 249), (418, 164), (428, 112), (441, 65), (449, 268), (477, 194), (494, 146), (509, 102), (487, 300), (525, 249), (547, 215), (567, 178)]
Index finger tip coordinates: ( 371.7090606689453, 75.99781036376953)
=================
[(390, 433), (321, 393), (285, 323), (272, 261), (249, 209), (356, 246), (356, 169), (361, 120), (369, 78), (405, 248), (416, 165), (425, 114), (437, 68), (446, 266), (473, 193), (489, 146), (503, 103), (483, 298), (520, 248), (542, 215), (561, 179)]
Index finger tip coordinates: ( 369.027099609375, 78.69116306304932)
=================
[(390, 432), (323, 393), (287, 324), (273, 262), (248, 214), (356, 248), (355, 171), (359, 123), (366, 81), (403, 249), (413, 167), (422, 115), (433, 70), (444, 267), (469, 195), (484, 147), (497, 104), (479, 298), (515, 248), (536, 215), (554, 180)]
Index finger tip coordinates: ( 366.5576934814453, 81.57742023468018)
=================
[(392, 432), (324, 394), (286, 326), (272, 264), (247, 216), (354, 249), (351, 174), (355, 126), (362, 85), (401, 249), (410, 168), (418, 118), (428, 73), (442, 266), (465, 195), (479, 148), (490, 107), (479, 295), (513, 246), (534, 213), (551, 178)]
Index finger tip coordinates: ( 362.03075408935547, 85.48655033111572)
=================
[(397, 431), (329, 397), (290, 331), (275, 270), (251, 223), (354, 250), (350, 176), (353, 131), (358, 91), (400, 249), (406, 170), (413, 122), (421, 80), (439, 265), (460, 195), (473, 151), (483, 110), (475, 293), (508, 245), (527, 213), (543, 179)]
Index finger tip coordinates: ( 358.54297637939453, 91.61041259765625)
=================
[(398, 431), (332, 395), (295, 330), (279, 270), (256, 224), (356, 252), (349, 180), (351, 136), (354, 97), (400, 251), (405, 172), (410, 124), (417, 82), (439, 265), (458, 195), (469, 151), (479, 110), (475, 292), (505, 244), (524, 213), (539, 179)]
Index finger tip coordinates: ( 354.9835968017578, 97.55094051361084)
=================
[(397, 430), (333, 394), (295, 329), (281, 270), (256, 226), (355, 252), (349, 181), (350, 137), (354, 98), (398, 251), (403, 174), (408, 127), (414, 85), (437, 265), (456, 197), (467, 153), (475, 114), (473, 291), (503, 242), (520, 210), (535, 175)]
Index finger tip coordinates: ( 354.20047760009766, 98.40282440185547)
=================
[(398, 427), (334, 393), (297, 330), (283, 272), (260, 228), (355, 253), (348, 182), (349, 139), (352, 101), (398, 251), (402, 174), (406, 128), (411, 87), (436, 265), (454, 197), (464, 154), (472, 115), (471, 289), (500, 
241), (517, 210), (531, 175)]
Index finger tip coordinates: ( 352.48321533203125, 101.68753623962402)
=================
[(401, 425), (338, 392), (298, 331), (282, 274), (259, 231), (352, 254), (343, 186), (342, 145), (343, 108), (394, 252), (395, 177), (398, 132), (402, 91), (431, 264), (447, 198), (456, 156), (463, 118), (465, 288), (492, 
241), (508, 209), (521, 176)]
Index finger tip coordinates: ( 343.03321838378906, 108.25072288513184)
=================
[(397, 423), (335, 390), (300, 328), (285, 272), (261, 232), (349, 254), (342, 187), (342, 146), (344, 111), (390, 251), (393, 178), (395, 134), (400, 95), (427, 263), (443, 198), (451, 157), (458, 118), (461, 287), (487, 
241), (502, 210), (515, 177)]
Index finger tip coordinates: ( 344.2388916015625, 111.45727157592773)
=================
[(397, 421), (336, 389), (300, 329), (285, 273), (261, 233), (348, 256), (339, 190), (337, 150), (338, 114), (388, 253), (389, 181), (391, 137), (394, 98), (424, 264), (438, 200), (446, 159), (452, 121), (458, 286), (482, 
240), (496, 209), (507, 176)]
Index finger tip coordinates: ( 338.41243743896484, 114.49303150177002)
=================
[(397, 418), (340, 388), (305, 328), (290, 273), (266, 238), (348, 257), (338, 193), (334, 155), (334, 121), (387, 253), (386, 182), (385, 141), (387, 103), (421, 263), (432, 201), (437, 161), (442, 124), (454, 284), (475, 239), (487, 209), (497, 176)]
Index finger tip coordinates: ( 334.0373992919922, 121.88787460327148)
=================
[(400, 418), (342, 387), (307, 329), (292, 276), (272, 242), (348, 258), (338, 197), (335, 161), (334, 128), (386, 255), (384, 187), (384, 148), (386, 112), (420, 264), (428, 203), (433, 166), (437, 131), (452, 283), (470, 239), (481, 210), (491, 179)]
Index finger tip coordinates: ( 334.5231246948242, 128.60459804534912)
=================
[(399, 413), (344, 385), (309, 330), (294, 279), (274, 244), (349, 260), (339, 200), (335, 164), (334, 133), (386, 256), (384, 190), (383, 151), (384, 117), (419, 264), (429, 206), (433, 169), (437, 135), (450, 283), (468, 240), (479, 212), (487, 182)]
Index finger tip coordinates: ( 334.7168731689453, 133.99334907531738)
=================
[(401, 413), (346, 386), (312, 333), (300, 283), (280, 246), (351, 261), (340, 204), (336, 168), (334, 138), (387, 257), (386, 193), (384, 155), (384, 121), (420, 265), (429, 208), (433, 172), (436, 139), (451, 283), (469, 241), (479, 214), (487, 185)]
Index finger tip coordinates: ( 334.49974060058594, 138.29106330871582)
=================
[(404, 411), (349, 386), (314, 333), (300, 284), (279, 251), (353, 263), (341, 207), (337, 171), (335, 141), (389, 259), (386, 195), (384, 157), (385, 124), (421, 267), (429, 210), (432, 174), (435, 141), (451, 284), (468, 243), (477, 215), (484, 186)]
Index finger tip coordinates: ( 335.3732681274414, 141.54573440551758)
=================
[(404, 409), (351, 383), (317, 331), (304, 283), (283, 250), (355, 263), (343, 208), (339, 174), (338, 145), (390, 259), (387, 197), (385, 160), (384, 128), (421, 266), (430, 211), (433, 177), (435, 145), (451, 283), (468, 243), (477, 217), (484, 189)]
Index finger tip coordinates: ( 338.0949401855469, 145.37109375)
=================
[(405, 408), (352, 384), (318, 332), (304, 285), (284, 252), (356, 265), (344, 210), (339, 176), (337, 148), (391, 260), (387, 199), (385, 162), (384, 129), (421, 268), (428, 213), (431, 178), (433, 146), (450, 285), (466, 245), (475, 218), (481, 189)]
Index finger tip coordinates: ( 337.49717712402344, 148.05609226226807)
=================
[(408, 407), (356, 383), (323, 332), (310, 284), (290, 252), (358, 266), (345, 212), (339, 179), (337, 151), (392, 261), (387, 201), (384, 165), (382, 134), (422, 268), (429, 215), (431, 180), (433, 149), (451, 284), (466, 244), (475, 218), (480, 191)]
Index finger tip coordinates: ( 337.12257385253906, 151.11618518829346)
=================
[(411, 403), (358, 379), (324, 330), (308, 285), (289, 254), (359, 265), (345, 213), (340, 181), (337, 153), (392, 261), (387, 202), (384, 167), (382, 136), (422, 267), (426, 214), (428, 181), (429, 151), (450, 282), (464, 243), (473, 217), (478, 190)]
Index finger tip coordinates: ( 337.8052520751953, 153.88267993927002)
=================
[(409, 401), (358, 377), (324, 329), (310, 284), (289, 253), (359, 264), (347, 214), (342, 182), (339, 155), (393, 259), (389, 203), (386, 169), (384, 139), (422, 265), (428, 214), (430, 182), (430, 152), (450, 281), (464, 242), (471, 217), (476, 190)]
Index finger tip coordinates: ( 339.21844482421875, 155.81714630126953)
=================
[(410, 398), (358, 378), (324, 330), (311, 285), (293, 255), (360, 264), (347, 215), (343, 185), (341, 158), (393, 258), (388, 203), (386, 170), (384, 141), (422, 264), (426, 213), (428, 182), (429, 153), (449, 279), (463, 241), (471, 216), (475, 191)]
Index finger tip coordinates: ( 341.2147521972656, 158.46176147460938)
=================
[(411, 396), (360, 377), (326, 330), (312, 286), (294, 256), (359, 264), (347, 216), (343, 186), (340, 160), (392, 258), (387, 204), (385, 171), (384, 142), (420, 263), (425, 213), (427, 183), (428, 155), (448, 277), (461, 240), (469, 216), (473, 191)]
Index finger tip coordinates: ( 340.4783248901367, 160.56288242340088)
=================
[(412, 395), (361, 376), (327, 330), (313, 286), (295, 256), (360, 265), (347, 218), (343, 188), (340, 162), (392, 259), (388, 206), (385, 173), (383, 145), (420, 263), (425, 215), (426, 184), (427, 156), (447, 277), (460, 240), (467, 217), (471, 192)]
Index finger tip coordinates: ( 340.9175109863281, 162.5800323486328)
=================
[(410, 391), (360, 373), (327, 327), (314, 285), (297, 256), (360, 264), (348, 217), (343, 188), (341, 163), (391, 258), (386, 205), (383, 174), (381, 146), (419, 262), (423, 214), (424, 184), (424, 157), (445, 275), (458, 239), (464, 215), (467, 191)]
Index finger tip coordinates: ( 341.1165237426758, 163.99442195892334)
=================
[(410, 389), (360, 372), (327, 328), (314, 286), (297, 257), (359, 264), (347, 218), (342, 189), (339, 165), (390, 257), (385, 206), (382, 175), (379, 147), (418, 261), (421, 214), (422, 184), (422, 157), (445, 274), (456, 237), (463, 214), (466, 190)]
Index finger tip coordinates: ( 339.2899703979492, 165.14549732208252)
=================
[(410, 386), (361, 370), (328, 327), (314, 286), (298, 257), (359, 263), (346, 218), (342, 190), (338, 166), (389, 257), (384, 206), (381, 175), (379, 148), (417, 261), (420, 214), (420, 185), (420, 159), (443, 273), (455, 237), (461, 214), (463, 191)]
Index finger tip coordinates: ( 338.79417419433594, 166.1728048324585)
=================
[(409, 384), (360, 367), (327, 325), (314, 285), (298, 257), (359, 263), (346, 218), (341, 191), (337, 167), (389, 256), (384, 206), (380, 175), (377, 149), (416, 260), (419, 214), (419, 185), (419, 159), (442, 272), (453, 236), (458, 213), (461, 190)]
Index finger tip coordinates: ( 337.87845611572266, 167.49835968017578)
=================
[(409, 381), (362, 364), (330, 323), (315, 284), (298, 256), (360, 262), (347, 218), (342, 190), (337, 166), (389, 256), (383, 206), (379, 176), (375, 149), (415, 259), (417, 213), (417, 185), (416, 159), (440, 271), (451, 236), (456, 213), (458, 190)]
Index finger tip coordinates: ( 337.7790069580078, 166.847505569458)
=================
[(408, 377), (361, 360), (330, 321), (316, 283), (300, 255), (359, 260), (346, 217), (341, 190), (337, 167), (388, 254), (382, 205), (378, 175), (375, 150), (413, 258), (415, 212), (415, 184), (414, 159), (438, 269), (449, 235), (454, 213), (456, 191)]
Index finger tip coordinates: ( 337.6876449584961, 167.4159049987793)
=================
[(408, 375), (361, 359), (330, 320), (316, 281), (299, 255), (358, 260), (346, 218), (341, 191), (337, 168), (387, 254), (381, 206), (378, 177), (375, 152), (412, 257), (414, 212), (414, 185), (412, 160), (437, 268), (447, 234), (452, 212), (454, 190)]
Index finger tip coordinates: ( 337.54756927490234, 168.84864807128906)
=================
[(407, 372), (361, 356), (329, 319), (316, 282), (300, 256), (357, 259), (345, 217), (340, 191), (336, 168), (386, 253), (380, 205), (377, 176), (373, 151), (411, 256), (413, 212), (413, 185), (411, 161), (436, 267), (445, 233), (450, 212), (451, 190)]
Index finger tip coordinates: ( 336.8769836425781, 168.84661674499512)
=================
[(406, 370), (361, 353), (330, 317), (316, 281), (302, 255), (358, 258), (345, 218), (339, 192), (335, 170), (385, 252), (379, 206), (374, 177), (371, 153), (410, 255), (412, 211), (411, 185), (410, 161), (434, 265), (444, 232), (448, 210), (450, 188)]
Index finger tip coordinates: ( 335.4111862182617, 170.61760425567627)
=================
[(407, 367), (362, 352), (331, 315), (317, 280), (302, 255), (358, 258), (346, 217), (340, 192), (337, 170), (385, 252), (379, 205), (374, 177), (371, 153), (410, 255), (410, 211), (410, 185), (408, 161), (433, 265), (442, 231), (446, 210), (448, 189)]
Index finger tip coordinates: ( 337.02327728271484, 170.32519340515137)
=================
[(407, 366), (362, 351), (333, 315), (319, 280), (304, 255), (359, 258), (346, 218), (340, 193), (336, 172), (385, 252), (379, 207), (374, 179), (370, 155), (409, 255), (410, 213), (410, 186), (408, 163), (432, 265), (441, 232), (445, 211), (446, 189)]
Index finger tip coordinates: ( 336.35326385498047, 172.05984592437744)
=================
[(406, 365), (363, 351), (332, 315), (319, 280), (304, 255), (358, 259), (346, 219), (341, 194), (336, 173), (385, 252), (378, 207), (373, 180), (370, 156), (409, 255), (410, 213), (409, 188), (407, 165), (432, 264), (440, 232), (444, 211), (445, 190)]
Index finger tip coordinates: ( 336.8568420410156, 173.64259243011475)
=================
[(407, 363), (363, 349), (333, 315), (319, 281), (305, 255), (360, 259), (347, 220), (341, 196), (337, 175), (385, 252), (378, 209), (374, 183), (370, 160), (409, 254), (409, 214), (408, 189), (406, 166), (431, 263), (439, 232), (443, 211), (443, 191)]
Index finger tip coordinates: ( 337.1769714355469, 175.827054977417)
=================
[(407, 362), (364, 348), (334, 312), (320, 278), (306, 255), (360, 259), (348, 222), (342, 198), (337, 178), (385, 253), (379, 210), (374, 184), (370, 162), (408, 255), (409, 215), (407, 190), (405, 168), (430, 264), (438, 233), (442, 212), (442, 192)]
Index finger tip coordinates: ( 337.8852081298828, 178.3201503753662)
=================
[(408, 360), (366, 347), (336, 313), (322, 280), (309, 256), (362, 260), (349, 224), (343, 201), (338, 181), (386, 254), (379, 212), (374, 186), (370, 164), (408, 255), (408, 216), (407, 192), (405, 171), (430, 264), (437, 233), (441, 213), (441, 194)]
Index finger tip coordinates: ( 338.61480712890625, 181.22983932495117)
=================
[(409, 359), (366, 346), (338, 313), (324, 280), (309, 257), (362, 261), (349, 224), (343, 201), (338, 181), (386, 255), (379, 213), (374, 188), (370, 166), (408, 256), (407, 217), (406, 193), (404, 172), (429, 264), (436, 234), (439, 214), (440, 195)]
Index finger tip coordinates: ( 338.8498306274414, 181.5919589996338)
=================
[(409, 357), (367, 345), (338, 313), (324, 281), (311, 258), (362, 262), (349, 226), (344, 203), (339, 183), (386, 255), (379, 213), (374, 188), (369, 166), (408, 256), (408, 218), (406, 194), (404, 174), (429, 264), (436, 234), (439, 215), (439, 196)]
Index finger tip coordinates: ( 339.51290130615234, 183.8632106781006)
=================
[(409, 356), (368, 345), (340, 314), (326, 282), (313, 260), (361, 262), (349, 227), (343, 204), (339, 185), (385, 255), (378, 215), (373, 191), (368, 170), (407, 256), (408, 219), (407, 195), (404, 175), (427, 264), (435, 235), (438, 216), (438, 197)]
Index finger tip coordinates: ( 339.34349060058594, 185.66731452941895)
=================
[(409, 355), (368, 344), (340, 313), (326, 282), (312, 260), (362, 263), (350, 228), (344, 206), (339, 187), (386, 256), (379, 216), (373, 191), (368, 171), (407, 256), (407, 219), (405, 196), (403, 175), (427, 264), (434, 234), (437, 215), (437, 197)]
Index finger tip coordinates: ( 339.81712341308594, 187.51543521881104)
=================
[(408, 355), (369, 345), (342, 314), (329, 283), (315, 262), (362, 263), (350, 229), (344, 206), (339, 187), (385, 256), (378, 217), (372, 192), (368, 172), (406, 257), (406, 221), (405, 198), (403, 178), (426, 265), (433, 236), (435, 217), (436, 199)]
Index finger tip coordinates: ( 339.8545837402344, 187.85425186157227)
=================
[(409, 353), (369, 343), (342, 314), (328, 284), (315, 263), (362, 264), (350, 230), (344, 208), (339, 190), (385, 257), (377, 217), (372, 193), (367, 173), (405, 257), (405, 220), (403, 198), (401, 178), (426, 264), (432, 235), (434, 217), (435, 198)]
Index finger tip coordinates: ( 339.7406005859375, 190.48748016357422)
=================
[(409, 354), (370, 343), (343, 313), (330, 283), (316, 263), (363, 265), (350, 231), (344, 210), (339, 191), (385, 258), (378, 219), (373, 195), (368, 175), (406, 259), (405, 222), (403, 199), (400, 179), (425, 266), (432, 237), (434, 218), (434, 200)]
Index finger tip coordinates: ( 339.75852966308594, 191.6270399093628)
=================
[(410, 353), (370, 343), (343, 314), (330, 284), (316, 264), (363, 266), (350, 232), (344, 211), (339, 193), (385, 259), (378, 220), (372, 196), (367, 176), (405, 259), (404, 222), (403, 200), (400, 181), (425, 265), (431, 236), (433, 218), (433, 200)]
Index finger tip coordinates: ( 339.9726867675781, 193.44440460205078)
=================
[(410, 354), (372, 344), (346, 314), (333, 284), (319, 265), (364, 267), (351, 234), (345, 213), (340, 194), (385, 260), (378, 222), (372, 198), (367, 178), (405, 261), (405, 225), (403, 202), (400, 183), (425, 267), (431, 239), (433, 221), (434, 203)]
Index finger tip coordinates: ( 340.5697250366211, 194.96970176696777)
=================
[(412, 353), (374, 343), (348, 314), (335, 285), (321, 267), (366, 267), (353, 236), (346, 216), (341, 198), (387, 260), (379, 223), (373, 201), (368, 181), (406, 260), (405, 225), (403, 204), (400, 185), (425, 267), (430, 240), (432, 222), (432, 204)]
Index finger tip coordinates: ( 341.9953918457031, 198.99922370910645)
=================
[(412, 353), (374, 343), (348, 314), (335, 286), (320, 268), (366, 268), (354, 237), (347, 217), (342, 200), (387, 261), (379, 225), (373, 203), (368, 184), (406, 261), (406, 227), (403, 206), (401, 186), (425, 268), (431, 240), (432, 223), (432, 205)]
Index finger tip coordinates: ( 342.62290954589844, 200.1298427581787)
=================
[(413, 352), (375, 343), (350, 314), (337, 286), (322, 269), (368, 270), (355, 239), (348, 219), (343, 202), (388, 262), (380, 226), (373, 204), (368, 186), (407, 262), (405, 227), (403, 206), (400, 187), (425, 268), (430, 241), (432, 223), (432, 206)]
Index finger tip coordinates: ( 343.9540481567383, 202.2718048095703)
=================
[(412, 352), (376, 343), (351, 314), (338, 286), (323, 270), (368, 270), (355, 239), (349, 220), (344, 203), (388, 262), (380, 226), (374, 205), (368, 186), (407, 263), (406, 229), (403, 208), (400, 189), (425, 268), (430, 242), (432, 225), (431, 207)]
Index finger tip coordinates: ( 344.4456100463867, 203.35018157958984)
=================
[(413, 352), (376, 343), (351, 314), (339, 286), (326, 270), (369, 271), (356, 241), (350, 222), (345, 205), (389, 264), (380, 228), (373, 206), (368, 187), (408, 263), (405, 229), (403, 208), (400, 189), (426, 268), (430, 241), (431, 224), (431, 207)]
Index finger tip coordinates: ( 345.59703826904297, 205.31716346740723)
=================
[(414, 351), (378, 342), (353, 314), (339, 287), (325, 271), (369, 270), (357, 241), (350, 222), (345, 206), (389, 263), (381, 228), (374, 207), (369, 189), (407, 262), (405, 229), (403, 209), (399, 191), (426, 267), (430, 241), (431, 225), (431, 208)]
Index finger tip coordinates: ( 345.7844924926758, 206.0866355895996)
=================
[(415, 352), (378, 342), (354, 314), (341, 287), (327, 271), (371, 272), (359, 243), (352, 225), (346, 208), (390, 265), (382, 231), (376, 209), (370, 191), (408, 265), (406, 232), (404, 212), (400, 194), (426, 270), (430, 244), (431, 228), (431, 211)]
Index finger tip coordinates: ( 346.36714935302734, 208.9094352722168)
=================
[(414, 351), (379, 342), (355, 314), (342, 288), (327, 273), (371, 272), (359, 244), (352, 226), (347, 210), (390, 265), (383, 231), (376, 211), (370, 193), (408, 265), (406, 232), (404, 213), (401, 195), (425, 270), (430, 244), (431, 228), (431, 212)]
Index finger tip coordinates: ( 347.4224853515625, 210.42500495910645)
=================
[(415, 351), (379, 342), (356, 315), (343, 290), (329, 274), (373, 274), (360, 246), (353, 227), (348, 211), (391, 266), (383, 233), (376, 213), (370, 195), (409, 266), (407, 233), (404, 214), (401, 196), (426, 270), (429, 244), (431, 228), (430, 213)]
Index finger tip coordinates: ( 348.20117950439453, 211.87451362609863)
=================
[(415, 351), (380, 343), (356, 317), (344, 291), (330, 277), (372, 274), (360, 247), (354, 229), (348, 214), (391, 267), (383, 234), (376, 215), (370, 198), (408, 266), (406, 235), (404, 216), (400, 199), (425, 271), (429, 246), (430, 230), (429, 214)]
Index finger tip coordinates: ( 348.91475677490234, 214.04414176940918)
=================
[(415, 351), (380, 343), (357, 316), (344, 291), (330, 277), (372, 275), (361, 248), (354, 231), (349, 216), (391, 268), (383, 235), (376, 215), (370, 198), (408, 267), (406, 235), (403, 216), (400, 199), (425, 271), (429, 245), (430, 229), (429, 213)]
Index finger tip coordinates: ( 349.21382904052734, 216.22567176818848)
=================
[(416, 350), (381, 343), (358, 317), (345, 292), (332, 278), (373, 276), (361, 249), (354, 232), (349, 217), (392, 269), (383, 237), (377, 217), (371, 200), (409, 268), (406, 237), (404, 218), (400, 201), (425, 273), (428, 248), (430, 233), (429, 217)]
Index finger tip coordinates: ( 349.43138122558594, 217.08157539367676)
=================
[(415, 351), (381, 343), (358, 318), (345, 293), (330, 279), (374, 277), (362, 250), (355, 233), (349, 218), (392, 270), (384, 237), (377, 217), (371, 201), (409, 269), (407, 237), (404, 218), (400, 202), (425, 273), (429, 248), (430, 233), (430, 217)]
Index finger tip coordinates: ( 349.83165740966797, 218.39784622192383)
=================
[(416, 352), (382, 345), (359, 319), (346, 294), (331, 282), (374, 278), (362, 252), (356, 236), (350, 221), (392, 270), (385, 239), (378, 221), (372, 205), (409, 269), (406, 239), (403, 221), (399, 205), (425, 273), (428, 249), (429, 234), (428, 219)]
Index finger tip coordinates: ( 350.3936004638672, 221.37765884399414)
=================
[(415, 352), (382, 344), (360, 319), (348, 295), (334, 284), (374, 279), (362, 254), (356, 238), (350, 223), (392, 272), (384, 241), (377, 223), (371, 207), (408, 271), (406, 241), (403, 223), (399, 206), (425, 275), (428, 251), (428, 236), (427, 221)]
Index finger tip coordinates: ( 350.9562301635742, 223.90565872192383)
=================
[(416, 352), (383, 346), (360, 321), (348, 297), (336, 285), (375, 281), (364, 256), (357, 239), (352, 225), (392, 274), (384, 243), (377, 225), (372, 209), (408, 272), (405, 242), (401, 224), (397, 208), (424, 276), (427, 251), (428, 236), (426, 220)]
Index finger tip coordinates: ( 352.39513397216797, 225.35093307495117)
=================
[(417, 353), (383, 347), (360, 322), (346, 299), (332, 287), (375, 283), (363, 257), (357, 241), (351, 227), (392, 275), (384, 245), (377, 227), (372, 211), (408, 274), (405, 244), (402, 226), (398, 211), (424, 278), (426, 254), (427, 239), (426, 224)]
Index finger tip coordinates: ( 351.36634826660156, 227.12751388549805)
=================
[(416, 354), (382, 347), (360, 323), (347, 300), (332, 289), (374, 284), (362, 260), (355, 244), (350, 230), (391, 277), (383, 247), (377, 229), (371, 214), (407, 275), (404, 246), (401, 228), (397, 213), (423, 278), (425, 254), (426, 240), (425, 226)]
Index finger tip coordinates: ( 350.4502868652344, 230.27586936950684)
=================
[(417, 354), (384, 349), (361, 325), (348, 302), (333, 291), (375, 286), (364, 262), (356, 247), (351, 233), (392, 278), (384, 249), (376, 231), (370, 216), (407, 276), (404, 248), (400, 231), (396, 215), (423, 279), (425, 255), (425, 241), (424, 227)]
Index finger tip coordinates: ( 351.09691619873047, 233.26844215393066)
=================
[(416, 355), (383, 349), (360, 325), (347, 303), (332, 294), (375, 287), (363, 263), (356, 248), (351, 234), (391, 280), (383, 250), (376, 233), (370, 219), (406, 278), (403, 249), (399, 232), (395, 217), (422, 280), (425, 257), (425, 243), (424, 229)]
Index finger tip coordinates: ( 351.15631103515625, 234.72922325134277)
=================
[(415, 355), (383, 349), (360, 326), (347, 304), (331, 293), (374, 289), (363, 265), (356, 249), (351, 235), (390, 281), (382, 252), (374, 235), (368, 220), (405, 279), (403, 251), (399, 234), (396, 219), (421, 281), (424, 258), (424, 244), (423, 230)]
Index finger tip coordinates: ( 351.256103515625, 235.97232341766357)
=================
[(415, 356), (383, 350), (360, 328), (347, 306), (332, 295), (374, 290), (363, 267), (356, 251), (350, 238), (390, 282), (382, 254), (375, 237), (368, 222), (405, 280), (402, 253), (398, 236), (394, 222), (420, 283), (422, 260), (423, 246), (421, 233)]
Index finger tip coordinates: ( 350.95008850097656, 238.47042560577393)
=================
[(415, 356), (383, 351), (360, 330), (348, 309), (335, 298), (374, 292), (363, 269), (356, 254), (350, 241), (390, 285), (381, 256), (374, 239), (367, 224), (405, 282), (401, 255), (398, 238), (394, 223), (420, 285), (422, 262), (422, 247), (420, 234)]
Index finger tip coordinates: ( 350.61901092529297, 241.53133392333984)
=================
[(416, 357), (383, 351), (361, 331), (348, 310), (334, 299), (375, 294), (363, 271), (356, 257), (350, 244), (390, 286), (381, 258), (374, 241), (367, 227), (404, 284), (401, 256), (397, 240), (393, 226), (419, 286), (422, 263), (422, 249), (420, 236)]
Index finger tip coordinates: ( 350.8818817138672, 244.34349060058594)
=================
[(415, 356), (383, 352), (361, 331), (348, 311), (335, 301), (375, 294), (364, 271), (357, 257), (351, 245), (390, 286), (383, 258), (375, 243), (369, 229), (405, 284), (402, 256), (398, 241), (394, 227), (419, 286), (421, 263), (421, 250), (420, 237)]
Index finger tip coordinates: ( 351.4624786376953, 245.2796173095703)
=================
[(416, 356), (384, 352), (361, 331), (348, 311), (335, 301), (375, 295), (364, 273), (357, 259), (352, 246), (390, 287), (382, 260), (373, 244), (366, 230), (404, 284), (401, 258), (396, 242), (392, 228), (419, 286), (420, 263), (420, 249), (418, 236)]
Index finger tip coordinates: ( 352.16888427734375, 246.63657188415527)
=================
[(416, 355), (384, 351), (362, 331), (349, 311), (336, 302), (376, 295), (365, 272), (358, 258), (352, 246), (391, 287), (382, 259), (374, 244), (367, 230), (405, 284), (401, 257), (397, 241), (394, 228), (419, 286), (421, 264), (421, 250), (421, 238)]
Index finger tip coordinates: ( 352.5262451171875, 246.07463836669922)
=================
[(416, 354), (384, 351), (362, 330), (350, 311), (338, 300), (376, 294), (364, 272), (357, 258), (351, 246), (391, 287), (382, 259), (374, 243), (367, 230), (405, 284), (401, 257), (397, 241), (393, 228), (419, 286), (421, 264), (421, 250), (420, 237)]
Index finger tip coordinates: ( 351.8514633178711, 246.16215705871582)
=================
[(416, 353), (385, 350), (363, 330), (350, 310), (337, 301), (376, 295), (365, 273), (357, 259), (352, 247), (391, 287), (382, 260), (374, 244), (368, 230), (405, 284), (401, 257), (397, 242), (393, 228), (419, 285), (422, 263), (421, 250), (421, 237)]
Index finger tip coordinates: ( 352.4396514892578, 247.4483871459961)
=================
[(417, 352), (386, 349), (364, 330), (352, 312), (340, 300), (377, 294), (365, 273), (358, 260), (352, 248), (392, 287), (383, 260), (376, 245), (369, 232), (406, 284), (402, 257), (398, 242), (394, 229), (420, 285), (422, 263), (422, 250), (420, 238)]
Index finger tip coordinates: ( 352.77584075927734, 248.1566047668457)
=================
[(418, 352), (386, 349), (365, 331), (352, 312), (341, 300), (379, 294), (367, 273), (360, 260), (354, 249), (393, 286), (384, 260), (376, 245), (369, 232), (406, 283), (403, 257), (398, 242), (394, 229), (420, 285), (422, 263), (422, 249), (420, 237)]
Index finger tip coordinates: ( 354.5335006713867, 249.04420852661133)
=================
[(418, 350), (387, 348), (366, 329), (354, 311), (343, 301), (379, 294), (368, 273), (360, 259), (354, 247), (394, 286), (385, 260), (377, 245), (371, 232), (407, 284), (403, 258), (398, 243), (394, 230), (421, 285), (422, 263), (421, 250), (419, 238)]
Index finger tip coordinates: ( 354.84375, 247.92540550231934)
=================
[(419, 349), (388, 346), (366, 328), (353, 309), (342, 298), (380, 293), (369, 272), (362, 259), (356, 247), (395, 286), (386, 260), (379, 245), (373, 233), (408, 283), (404, 257), (400, 243), (396, 230), (421, 284), (423, 263), (423, 250), (421, 238)]
Index finger tip coordinates: ( 356.65782928466797, 247.4973964691162)
=================
[(420, 347), (390, 345), (368, 328), (357, 310), (348, 299), (382, 293), (371, 273), (363, 260), (357, 249), (397, 285), (388, 260), (380, 246), (373, 235), (410, 282), (405, 257), (401, 243), (396, 231), (424, 283), (425, 262), (424, 249), (421, 238)]
Index finger tip coordinates: ( 357.03948974609375, 249.0069580078125)
=================
[(422, 345), (392, 343), (371, 327), (360, 310), (351, 298), (385, 292), (373, 272), (365, 259), (359, 248), (399, 285), (390, 260), (382, 245), (376, 233), (412, 281), (407, 256), (402, 242), (397, 230), (425, 282), (426, 261), (425, 248), (423, 236)]
Index finger tip coordinates: ( 359.44828033447266, 248.75452995300293)
=================
[(422, 342), (392, 342), (371, 326), (360, 309), (350, 295), (386, 291), (374, 272), (367, 259), (361, 249), (399, 283), (391, 259), (384, 245), (378, 233), (412, 280), (408, 256), (403, 242), (398, 231), (425, 281), (427, 260), (426, 247), (423, 236)]
Index finger tip coordinates: ( 361.39720916748047, 249.57372665405273)
=================
[(423, 342), (394, 341), (373, 327), (362, 310), (354, 297), (387, 292), (375, 272), (367, 260), (361, 249), (400, 284), (391, 260), (384, 245), (377, 233), (413, 280), (408, 256), (403, 242), (398, 231), (426, 280), (427, 259), (426, 246), (423, 235)]
Index finger tip coordinates: ( 361.92264556884766, 249.67726707458496)
=================
[(425, 340), (394, 340), (374, 325), (363, 308), (354, 295), (388, 292), (376, 273), (369, 261), (363, 250), (402, 285), (392, 261), (385, 247), (378, 235), (414, 281), (409, 257), (404, 243), (399, 232), (427, 281), (428, 260), (426, 247), (423, 236)]
Index finger tip coordinates: ( 363.50154876708984, 250.66560745239258)
=================
[(425, 339), (395, 339), (375, 326), (364, 309), (356, 295), (390, 292), (378, 273), (370, 261), (364, 251), (403, 284), (394, 260), (386, 247), (379, 235), (416, 280), (410, 257), (404, 243), (399, 233), (428, 280), (428, 259), (426, 247), (423, 236)]
Index finger tip coordinates: ( 364.9264144897461, 251.56588554382324)
=================
[(427, 336), (397, 337), (378, 325), (367, 310), (359, 297), (392, 293), (379, 275), (371, 264), (366, 254), (405, 285), (394, 262), (386, 249), (380, 238), (417, 281), (411, 258), (405, 245), (399, 235), (430, 280), (430, 260), (427, 248), (422, 238)]
Index finger tip coordinates: ( 366.0676574707031, 254.95622634887695)
=================
[(426, 334), (397, 335), (378, 324), (367, 309), (359, 296), (393, 295), (380, 278), (373, 267), (367, 257), (406, 286), (396, 265), (388, 252), (381, 242), (418, 282), (413, 260), (408, 248), (402, 238), (430, 281), (430, 261), (428, 250), (423, 240)]
Index finger tip coordinates: ( 367.34928131103516, 257.55377769470215)
=================
[(426, 333), (397, 334), (379, 324), (368, 310), (362, 298), (394, 296), (381, 279), (374, 267), (367, 258), (407, 288), (397, 265), (389, 253), (382, 243), (420, 283), (413, 261), (407, 249), (400, 239), (431, 282), (431, 261), (427, 250), (421, 240)]
Index finger tip coordinates: ( 367.8410339355469, 258.4854984283447)
=================
[(427, 332), (399, 334), (380, 324), (369, 310), (361, 297), (396, 297), (383, 281), (375, 270), (368, 261), (409, 289), (398, 267), (390, 255), (382, 245), (421, 284), (414, 262), (407, 250), (400, 241), (432, 282), (431, 261), (427, 250), (420, 242)]
Index finger tip coordinates: ( 368.14212799072266, 261.4148998260498)
=================
[(427, 329), (400, 332), (382, 324), (371, 311), (363, 299), (396, 296), (384, 281), (376, 271), (369, 263), (409, 288), (398, 267), (390, 256), (382, 247), (420, 283), (413, 262), (407, 251), (400, 243), (432, 280), (430, 261), (426, 251), (419, 243)]
Index finger tip coordinates: ( 369.00421142578125, 263.09678077697754)
=================
[(426, 328), (399, 331), (381, 323), (370, 310), (364, 297), (397, 297), (384, 282), (376, 272), (369, 263), (410, 289), (398, 268), (390, 257), (383, 247), (421, 284), (414, 263), (407, 252), (401, 243), (432, 282), (431, 262), (427, 252), (420, 244)]
Index finger tip coordinates: ( 369.1133117675781, 263.3932399749756)
=================
[(427, 326), (400, 330), (381, 323), (371, 310), (365, 297), (397, 297), (385, 283), (377, 273), (370, 264), (410, 288), (399, 269), (391, 258), (383, 249), (421, 283), (415, 263), (408, 253), (401, 244), (432, 280), (431, 262), (427, 252), (420, 245)]
Index finger tip coordinates: ( 370.438232421875, 264.60007667541504)
=================
[(428, 326), (400, 330), (381, 323), (370, 310), (365, 298), (397, 297), (385, 283), (378, 273), (371, 265), (409, 289), (399, 269), (391, 259), (384, 249), (421, 283), (415, 264), (409, 253), (402, 245), (432, 280), (431, 262), (427, 252), (421, 244)]
Index finger tip coordinates: ( 371.59454345703125, 265.21711349487305)
=================
[(428, 325), (401, 329), (382, 323), (371, 311), (366, 299), (397, 297), (385, 283), (378, 273), (372, 265), (410, 288), (400, 270), (391, 259), (384, 250), (421, 283), (415, 264), (409, 253), (402, 245), (432, 280), (431, 262), (427, 252), (420, 245)]
Index finger tip coordinates: ( 372.0364761352539, 265.65144538879395)
=================
[(429, 323), (402, 327), (383, 322), (372, 310), (369, 298), (399, 299), (388, 285), (381, 275), (374, 266), (412, 289), (402, 271), (393, 260), (384, 251), (423, 282), (417, 264), (410, 254), (402, 246), (433, 278), (432, 261), (428, 251), (420, 245)]
Index finger tip coordinates: ( 374.31713104248047, 266.61755561828613)
=================
[(431, 321), (404, 326), (385, 321), (374, 310), (370, 298), (401, 299), (390, 284), (382, 275), (375, 266), (414, 289), (404, 271), (395, 260), (386, 252), (425, 282), (418, 264), (411, 254), (404, 247), (435, 278), (433, 261), (429, 251), (422, 245)]
Index finger tip coordinates: ( 375.5549621582031, 266.5590190887451)
=================
[(432, 320), (407, 326), (387, 322), (375, 311), (371, 298), (402, 301), (391, 287), (383, 277), (376, 269), (414, 290), (404, 273), (395, 262), (386, 253), (425, 282), (418, 266), (411, 256), (404, 249), (434, 277), (433, 260), (428, 251), (421, 246)]
Index finger tip coordinates: ( 376.0139465332031, 269.38385009765625)
=================
[(434, 320), (407, 326), (387, 322), (375, 311), (373, 298), (404, 302), (392, 288), (384, 277), (376, 268), (417, 291), (406, 274), (396, 263), (387, 254), (427, 283), (419, 266), (411, 256), (404, 249), (436, 277), (434, 261), (429, 252), (423, 247)]
Index finger tip coordinates: ( 376.47117614746094, 268.69577407836914)
=================
[(435, 320), (409, 326), (388, 322), (376, 311), (374, 298), (404, 302), (392, 288), (384, 278), (377, 269), (416, 291), (405, 274), (396, 263), (387, 254), (427, 283), (419, 266), (412, 256), (405, 250), (436, 278), (434, 261), (429, 252), (423, 247)]
Index finger tip coordinates: ( 377.0610809326172, 269.8609256744385)
=================
[(436, 319), (410, 325), (389, 323), (377, 313), (375, 300), (405, 303), (393, 289), (385, 279), (378, 271), (417, 292), (406, 275), (396, 264), (387, 256), (427, 284), (420, 267), (412, 257), (404, 251), (436, 279), (434, 262), (429, 253), (423, 249)]
Index finger tip coordinates: ( 378.0618667602539, 271.60048484802246)
=================
[(436, 319), (411, 325), (390, 322), (377, 313), (375, 300), (407, 303), (394, 290), (386, 279), (378, 271), (418, 293), (407, 276), (397, 265), (387, 257), (428, 285), (420, 269), (412, 259), (404, 252), (437, 279), (434, 263), (429, 255), (422, 250)]
Index finger tip coordinates: ( 378.4528350830078, 271.44598960876465)
=================
[(445, 323), (418, 328), (395, 324), (380, 314), (376, 303), (407, 303), (393, 290), (385, 281), (378, 274), (418, 293), (406, 277), (397, 267), (388, 259), (428, 286), (419, 269), (412, 260), (405, 254), (437, 281), (434, 265), (430, 257), (423, 252)]
Index finger tip coordinates: ( 378.68824005126953, 274.17088508605957)
=================
[(443, 321), (416, 326), (394, 323), (380, 315), (377, 303), (407, 304), (394, 292), (385, 284), (377, 277), (418, 293), (406, 278), (397, 268), (387, 261), (428, 286), (420, 270), (413, 261), (405, 256), (438, 281), (435, 266), (430, 257), (423, 253)]
Index finger tip coordinates: ( 377.8826904296875, 277.3044776916504)
=================
[(442, 320), (414, 325), (393, 322), (379, 314), (377, 301), (408, 305), (395, 293), (386, 284), (378, 277), (419, 295), (408, 279), (397, 269), (388, 262), (429, 287), (421, 272), (412, 262), (404, 256), (438, 282), (435, 267), (430, 258), (424, 254)]
Index finger tip coordinates: ( 378.7681198120117, 277.8582000732422)
=================
[(443, 320), (416, 326), (394, 323), (380, 314), (379, 302), (408, 305), (395, 294), (386, 285), (378, 278), (419, 295), (407, 280), (396, 270), (387, 263), (428, 287), (420, 272), (411, 263), (403, 258), (437, 281), (434, 267), (429, 259), (423, 255)]
Index finger tip coordinates: ( 378.75823974609375, 278.7492370605469)
=================
[(446, 318), (419, 323), (397, 322), (382, 315), (382, 304), (408, 306), (396, 298), (388, 291), (381, 286), (418, 296), (407, 284), (397, 277), (389, 272), (427, 289), (420, 276), (412, 269), (403, 265), (436, 282), (433, 269), (427, 263), (420, 261)]
Index finger tip coordinates: ( 381.4698028564453, 286.3308334350586)
=================
[(447, 319), (417, 324), (398, 324), (385, 318), (385, 307), (409, 307), (397, 299), (389, 293), (383, 289), (419, 298), (408, 287), (399, 280), (391, 277), (428, 291), (420, 279), (411, 272), (402, 269), (437, 284), (432, 273), (426, 266), (419, 263)]
Index finger tip coordinates: ( 383.46588134765625, 289.2974281311035)
=================
[(455, 321), (426, 325), (405, 325), (390, 321), (385, 312), (411, 312), (398, 304), (390, 298), (384, 294), (419, 303), (407, 292), (398, 285), (390, 282), (428, 295), (418, 284), (409, 278), (400, 275), (436, 287), (431, 276), (424, 271), (417, 269)]
Index finger tip coordinates: ( 384.29115295410156, 294.166259765625)
=================
[(454, 319), (432, 329), (417, 328), (407, 325), (399, 320), (414, 315), (400, 312), (392, 308), (386, 305), (419, 304), (405, 299), (396, 295), (390, 293), (425, 295), (414, 287), (407, 285), (402, 286), (433, 287), (425, 278), (418, 276), (413, 277)]
Index finger tip coordinates: ( 386.5056610107422, 305.645112991333)
=================
[(450, 322), (425, 325), (408, 322), (399, 319), (394, 314), (414, 305), (405, 301), (399, 301), (397, 305), (419, 300), (407, 293), (401, 294), (401, 300), (424, 295), (414, 286), (407, 288), (406, 294), (429, 289), (420, 281), (414, 281), (411, 286)]
Index finger tip coordinates: ( 397.9240417480469, 305.9615135192871)
=================
[(446, 321), (420, 327), (405, 325), (395, 322), (391, 315), (411, 313), (400, 309), (398, 310), (400, 313), (417, 306), (402, 301), (401, 303), (403, 305), (421, 299), (409, 295), (406, 296), (405, 298), (425, 293), (416, 287), (410, 284), (405, 284)]
Index finger tip coordinates: ( 400.85418701171875, 313.06840896606445)
[ WARN:0] global C:\Users\runneradmin\AppData\Local\Temp\pip-req-build-_xlv4eex\opencv\modules\videoio\src\cap_msmf.cpp (438) `anonymous-namespace'::SourceReaderCB::~SourceReaderCB terminating async callback

从 400 多到 440 多， 确实有变大的趋势