INFO: Created TensorFlow Lite XNNPACK delegate for CPU.
0 577 155
1 595 118
2 599 121
3 603 124
4 573 111
5 560 109
6 546 109
7 584 126
8 504 103
9 570 185
10 539 175
11 548 273
12 328 204
13 516 496
14 349 440
15 493 503
16 527 222
17 489 513
18 581 163
19 495 486
20 560 121
21 486 480
22 550 147
23 368 590
24 234 548
25 283 811
26 182 786
27 223 970
28 82 956
29 202 997
30 52 977
31 232 1061
32 87 1059
0 577 155
1 595 117
2 599 119
3 603 122
4 571 111
5 559 108
6 545 107
7 583 121
8 505 102
9 570 185
10 541 176
11 556 271
12 328 204
13 573 452
14 353 443
15 576 597
16 546 211
17 590 641
18 586 153
19 584 634
20 569 120
21 568 615
22 562 140
23 408 594
24 262 558
25 346 856
26 220 839
27 279 1087
28 154 1068
29 260 1124
30 123 1102
31 302 1172
32 203 1155
0 575 155
1 593 113
2 597 114
3 601 116
4 569 109
5 554 107
6 541 105
7 583 115
8 504 98
9 569 185
10 539 177
11 559 263
12 328 204
13 576 460
14 363 447
15 568 570
16 556 205
17 575 595
18 591 142
19 575 575
20 575 115
21 563 564
22 569 135
23 438 595
24 269 560
25 385 869
26 238 854
27 327 1124
28 185 1103
29 309 1164
30 163 1139
31 338 1215
32 221 1196
0 576 144
1 592 104
2 597 105
3 600 107
4 568 98
5 554 95
6 541 93
7 581 107
8 504 92
9 569 180
10 540 172
11 559 260
12 328 204
13 570 454
14 367 449
15 554 448
16 561 199
17 556 436
18 596 136
19 559 405
20 584 112
21 549 407
22 571 130
23 442 601
24 269 569
25 405 884
26 253 872
27 352 1141
28 205 1124
29 332 1185
30 176 1162
31 374 1232
32 258 1222
0 578 144
1 592 102
2 596 103
3 599 104
4 568 97
5 554 94
6 541 92
7 578 101
8 505 90
9 570 178
10 543 172
11 560 257
12 328 203
13 580 455
14 366 451
15 549 465
16 559 194
17 547 464
18 595 132
19 551 434
20 582 111
21 541 431
22 569 128
23 453 605
24 276 577
25 425 888
26 273 879
27 379 1144
28 230 1130
29 362 1188
30 204 1169
31 399 1235
32 277 1225
0 578 144
1 592 103
2 595 104
3 598 105
4 568 98
5 554 95
6 542 93
7 575 103
8 505 90
9 569 179
10 543 173
11 560 257
12 328 203
13 580 494
14 365 451
15 562 480
16 557 193
17 562 479
18 595 132
19 568 450
20 581 110
21 556 445
22 566 128
23 454 605
24 277 579
25 419 884
26 270 881
27 370 1134
28 222 1127
29 353 1176
30 195 1164
31 396 1225
32 275 1222
0 586 134
1 593 94
2 596 95
3 598 97
4 571 90
5 557 88
6 544 86
7 573 99
8 505 87
9 574 175
10 551 171
11 564 257
12 328 203
13 592 471
14 364 454
15 555 456
16 556 193
17 559 449
18 595 133
19 566 416
20 580 110
21 551 416
22 562 128
23 473 605
24 289 580
25 450 883
26 292 878
27 403 1135
28 256 1127
29 386 1179
30 229 1167
31 426 1228
32 312 1222
0 590 132
1 595 90
2 598 91
3 600 92
4 572 86
5 558 85
6 544 84
7 575 96
8 505 86
9 577 174
10 554 170
11 568 258
12 329 206
13 613 510
14 364 456
15 563 508
16 552 194
17 558 525
18 592 134
19 558 491
20 571 113
21 548 481
22 553 130
23 486 619
24 294 596
25 451 906
26 285 902
27 402 1163
28 246 1159
29 387 1207
30 221 1200
31 418 1257
32 299 1258
0 592 130
1 596 89
2 598 90
3 601 92
4 574 85
5 561 84
6 547 83
7 575 95
8 505 86
9 578 172
10 558 168
11 567 258
12 330 206
13 600 468
14 364 456
15 561 441
16 551 194
17 548 432
18 591 134
19 543 400
20 568 113
21 537 401
22 550 131
23 482 618
24 293 596
25 450 907
26 288 900
27 403 1169
28 248 1166
29 388 1213
30 222 1208
31 422 1261
32 306 1260
0 591 130
1 596 88
2 598 89
3 601 91
4 574 84
5 561 84
6 547 83
7 575 93
8 504 86
9 578 172
10 558 168
11 566 257
12 330 207
13 628 483
14 363 456
15 585 341
16 551 192
17 579 303
18 590 131
19 578 272
20 567 110
21 568 284
22 549 129
23 488 618
24 298 595
25 462 908
26 295 900
27 420 1171
28 264 1167
29 406 1216
30 237 1209
31 441 1260
32 328 1263
0 590 130
1 595 88
2 598 90
3 600 91
4 574 85
5 560 84
6 546 83
7 574 94
8 503 85
9 578 171
10 557 168
11 556 256
12 330 207
13 622 459
14 363 456
15 580 379
16 551 192
17 574 357
18 590 132
19 576 325
20 567 110
21 567 332
22 549 129
23 482 618
24 294 596
25 456 909
26 295 901
27 417 1174
28 264 1168
29 404 1218
30 239 1210
31 434 1263
32 323 1263
0 591 108
1 594 73
2 597 75
3 599 77
4 573 70
5 560 70
6 546 70
7 569 84
8 502 77
9 579 153
10 558 150
11 551 256
12 330 207
13 621 447
14 363 456
15 587 407
16 550 191
17 587 394
18 590 133
19 587 363
20 569 111
21 577 366
22 549 129
23 480 618
24 295 597
25 457 911
26 298 905
27 419 1178
28 268 1175
29 404 1224
30 239 1218
31 449 1265
32 338 1268
0 591 109
1 593 73
2 596 75
3 598 76
4 572 70
5 559 70
6 545 69
7 569 82
8 502 75
9 579 155
10 558 152
11 551 254
12 330 207
13 611 446
14 361 456
15 601 353
16 552 192
17 603 318
18 596 133
19 607 287
20 578 112
21 594 299
22 556 130
23 479 618
24 294 597
25 458 909
26 297 904
27 419 1174
28 266 1170
29 405 1220
30 238 1211
31 447 1260
32 333 1263
0 591 99
1 593 63
2 595 64
3 598 66
4 571 63
5 557 63
6 543 64
7 568 73
8 500 71
9 581 143
10 559 142
11 547 251
12 330 207
13 606 440
14 361 456
15 604 377
16 554 189
17 602 357
18 598 133
19 605 325
20 578 111
21 595 331
22 559 129
23 479 616
24 297 596
25 457 906
26 299 903
27 414 1170
28 264 1172
29 398 1216
30 234 1215
31 448 1257
32 335 1262
0 588 103
1 590 66
2 592 67
3 594 69
4 569 64
5 555 64
6 541 64
7 565 73
8 500 72
9 579 149
10 557 147
11 543 251
12 331 207
13 601 443
14 361 455
15 597 390
16 559 189
17 594 373
18 602 133
19 597 342
20 587 111
21 587 347
22 564 128
23 477 619
24 297 601
25 454 913
26 298 910
27 415 1180
28 266 1183
29 400 1225
30 237 1225
31 447 1268
32 337 1272
0 589 103
1 589 67
2 592 68
3 594 69
4 569 65
5 555 65
6 541 65
7 563 73
8 500 71
9 579 149
10 558 144
11 538 251
12 331 207
13 599 441
14 360 455
15 595 322
16 561 191
17 593 279
18 603 134
19 595 250
20 586 111
21 584 265
22 565 128
23 476 621
24 297 603
25 451 918
26 296 914
27 410 1186
28 261 1186
29 395 1233
30 233 1231
31 444 1270
32 338 1279
0 589 103
1 589 67
2 591 67
3 593 68
4 568 65
5 554 65
6 540 64
7 561 71
8 498 70
9 579 148
10 558 143
11 538 251
12 331 207
13 603 436
14 360 457
15 624 280
16 564 194
17 631 226
18 605 143
19 637 198
20 590 117
21 621 218
22 571 132
23 478 617
24 300 603
25 458 915
26 302 913
27 416 1180
28 270 1179
29 399 1225
30 240 1223
31 455 1267
32 347 1273
0 589 105
1 588 68
2 590 69
3 592 69
4 567 67
5 553 66
6 538 65
7 560 73
8 496 70
9 579 150
10 557 144
11 537 252
12 331 208
13 603 435
14 360 458
15 622 296
16 563 201
17 626 249
18 604 151
19 633 220
20 589 124
21 619 236
22 570 137
23 477 616
24 299 602
25 460 915
26 303 910
27 420 1177
28 274 1177
29 404 1223
30 243 1220
31 460 1263
32 351 1268
0 589 105
1 588 68
2 590 68
3 592 68
4 566 67
5 552 66
6 538 66
7 560 72
8 494 70
9 579 150
10 557 145
11 538 251
12 331 208
13 646 455
14 362 458
15 631 295
16 566 204
17 631 251
18 608 154
19 636 220
20 592 126
21 624 235
22 574 139
23 482 613
24 300 599
25 460 913
26 302 909
27 419 1174
28 271 1175
29 403 1221
30 242 1218
31 455 1261
32 345 1266
0 589 105
1 587 69
2 590 69
3 592 69
4 567 67
5 554 66
6 541 65
7 557 73
8 495 69
9 578 147
10 557 142
11 532 250
12 331 206
13 608 436
14 363 456
15 625 309
16 574 206
17 627 275
18 611 161
19 631 243
20 597 133
21 620 256
22 580 146
23 478 605
24 300 593
25 459 896
26 310 892
27 418 1163
28 274 1170
29 401 1206
30 242 1216
31 458 1246
32 351 1244
0 589 104
1 587 68
2 590 68
3 592 68
4 568 66
5 555 65
6 543 63
7 557 73
8 496 68
9 578 145
10 558 141
11 533 248
12 331 206
13 604 431
14 365 456
15 631 322
16 580 207
17 635 307
18 617 166
19 635 274
20 603 138
21 623 280
22 585 151
23 478 603
24 302 593
25 459 896
26 312 892
27 417 1163
28 273 1170
29 400 1206
30 241 1217
31 460 1245
32 354 1245
0 588 104
1 586 67
2 589 67
3 591 67
4 567 64
5 555 62
6 542 60
7 557 72
8 495 65
9 577 144
10 557 139
11 535 246
12 330 206
13 602 427
14 365 456
15 638 328
16 583 210
17 641 308
18 621 170
19 640 276
20 606 141
21 629 283
22 588 154
23 483 596
24 308 585
25 467 886
26 315 886
27 425 1154
28 279 1161
29 408 1199
30 247 1207
31 467 1235
32 357 1239
0 588 104
1 586 67
2 589 67
3 591 68
4 566 65
5 554 62
6 541 60
7 556 72
8 493 64
9 576 145
10 556 139
11 536 245
12 330 206
13 602 428
14 365 460
15 654 304
16 587 215
17 666 267
18 625 176
19 666 239
20 611 144
21 651 253
22 594 158
23 483 596
24 308 585
25 466 885
26 314 882
27 424 1152
28 277 1156
29 407 1198
30 247 1203
31 466 1232
32 354 1234
0 589 97
1 586 59
2 590 58
3 592 57
4 566 57
5 554 55
6 541 53
7 556 61
8 489 62
9 579 137
10 557 133
11 556 238
12 327 206
13 665 427
14 360 465
15 665 296
16 590 223
17 673 260
18 629 189
19 670 233
20 619 154
21 656 247
22 601 169
23 488 586
24 313 575
25 493 857
26 328 848
27 434 1129
28 277 1132
29 411 1174
30 245 1183
31 469 1216
32 352 1211
0 589 92
1 586 56
2 590 55
3 592 55
4 566 54
5 554 52
6 541 51
7 556 59
8 487 61
9 579 131
10 557 127
11 560 234
12 326 206
13 660 423
14 359 465
15 699 297
16 593 231
17 719 257
18 640 198
19 721 233
20 631 164
21 701 246
22 610 180
23 497 584
24 312 571
25 486 863
26 322 856
27 435 1133
28 276 1133
29 418 1179
30 248 1179
31 468 1220
32 335 1216
0 589 95
1 586 59
2 589 59
3 591 57
4 568 58
5 558 56
6 547 53
7 544 60
8 489 61
9 578 131
10 557 128
11 554 235
12 325 206
13 645 408
14 359 463
15 657 302
16 606 244
17 664 261
18 679 225
19 657 236
20 660 195
21 649 250
22 630 206
23 491 581
24 312 571
25 474 863
26 318 857
27 425 1134
28 273 1135
29 408 1179
30 245 1181
31 454 1220
32 332 1215
0 588 96
1 585 60
2 586 59
3 587 58
4 568 58
5 559 56
6 548 54
7 537 61
8 489 61
9 575 133
10 557 129
11 551 231
12 323 206
13 642 402
14 357 461
15 628 320
16 614 257
17 633 310
18 683 239
19 626 283
20 662 212
21 620 286
22 631 219
23 482 579
24 311 570
25 465 865
26 317 859
27 419 1135
28 274 1136
29 400 1179
30 245 1182
31 453 1219
32 336 1215
0 587 96
1 583 60
2 583 60
3 583 59
4 568 59
5 559 56
6 547 54
7 534 61
8 488 58
9 571 131
10 555 127
11 545 231
12 322 206
13 592 404
14 354 459
15 657 361
16 609 280
17 676 353
18 671 256
19 672 325
20 656 225
21 660 327
22 629 238
23 480 580
24 304 569
25 454 866
26 293 861
27 411 1136
28 260 1137
29 394 1180
30 234 1183
31 445 1220
32 323 1217
0 584 92
1 578 59
2 578 58
3 577 57
4 566 57
5 557 55
6 546 52
7 527 61
8 486 56
9 564 124
10 551 120
11 532 232
12 320 205
13 621 406
14 347 456
15 656 387
16 606 287
17 671 387
18 678 264
19 667 357
20 664 234
21 656 357
22 632 243
23 472 582
24 295 570
25 445 869
26 281 867
27 406 1146
28 250 1148
29 390 1189
30 225 1192
31 440 1226
32 314 1224
0 576 87
1 572 56
2 572 56
3 572 55
4 559 53
5 550 51
6 539 48
7 526 59
8 479 52
9 558 116
10 543 113
11 525 232
12 319 204
13 635 408
14 339 453
15 676 376
16 602 296
17 698 370
18 672 276
19 692 342
20 658 241
21 679 345
22 629 250
23 472 584
24 293 571
25 446 872
26 282 874
27 410 1152
28 251 1156
29 395 1195
30 225 1199
31 447 1231
32 317 1231
0 568 83
1 563 53
2 563 52
3 563 52
4 551 50
5 542 48
6 531 45
7 521 57
8 471 50
9 549 110
10 536 108
11 518 228
12 317 201
13 593 411
14 319 453
15 683 354
16 573 319
17 717 327
18 633 297
19 717 300
20 635 262
21 697 310
22 612 271
23 466 585
24 288 571
25 441 872
26 278 875
27 402 1152
28 247 1158
29 386 1195
30 220 1201
31 443 1231
32 317 1232
0 561 82
1 557 51
2 557 51
3 557 50
4 543 48
5 534 46
6 523 43
7 514 56
8 463 50
9 542 108
10 528 106
11 512 227
12 315 200
13 580 411
14 299 453
15 682 340
16 559 337
17 717 305
18 620 315
19 719 281
20 624 274
21 697 293
22 603 283
23 463 585
24 285 572
25 439 873
26 275 878
27 400 1153
28 244 1160
29 383 1196
30 216 1203
31 442 1232
32 317 1234
0 555 78
1 551 47
2 552 47
3 553 46
4 537 45
5 527 42
6 516 39
7 512 53
8 457 47
9 538 104
10 524 102
11 512 224
12 313 199
13 569 417
14 288 455
15 668 336
16 549 339
17 714 299
18 609 316
19 710 274
20 611 277
21 694 287
22 592 285
23 464 585
24 286 573
25 439 874
26 277 881
27 402 1154
28 247 1163
29 385 1197
30 219 1206
31 446 1233
32 329 1240
0 550 74
1 544 43
2 546 42
3 547 42
4 529 40
5 518 38
6 507 36
7 507 49
8 447 45
9 533 101
10 519 99
11 512 221
12 311 199
13 566 422
14 276 456
15 659 341
16 539 343
17 711 299
18 598 319
19 704 274
20 601 281
21 691 289
22 581 288
23 464 585
24 286 573
25 443 874
26 278 883
27 407 1154
28 256 1164
29 392 1197
30 228 1206
31 453 1233
32 341 1241
0 547 71
1 541 41
2 543 40
3 544 40
4 525 38
5 514 36
6 503 34
7 505 47
8 442 43
9 531 99
10 516 97
11 506 220
12 309 198
13 556 425
14 259 456
15 647 341
16 525 349
17 680 301
18 587 324
19 696 276
20 589 287
21 676 290
22 569 295
23 462 585
24 281 573
25 441 875
26 275 885
27 404 1156
28 252 1167
29 388 1200
30 222 1209
31 450 1235
32 339 1243
0 540 70
1 535 40
2 537 39
3 538 39
4 517 37
5 507 35
6 495 33
7 496 46
8 435 41
9 525 98
10 508 97
11 499 218
12 300 198
13 547 428
14 242 456
15 564 372
16 493 349
17 584 350
18 557 329
19 595 298
20 556 295
21 577 308
22 537 300
23 459 585
24 279 573
25 439 874
26 272 883
27 404 1153
28 249 1164
29 389 1198
30 220 1206
31 451 1230
32 338 1240
0 529 70
1 525 39
2 528 39
3 530 38
4 507 36
5 495 34
6 483 32
7 492 45
8 426 40
9 516 97
10 498 97
11 498 213
12 292 197
13 556 425
14 226 455
15 509 430
16 477 347
17 475 434
18 542 332
19 484 405
20 539 299
21 483 402
22 520 301
23 457 579
24 278 570
25 438 866
26 273 871
27 405 1138
28 252 1146
29 390 1182
30 224 1189
31 451 1215
32 337 1219
0 519 70
1 517 39
2 519 39
3 521 39
4 498 36
5 487 34
6 475 32
7 487 45
8 421 39
9 508 98
10 488 97
11 499 213
12 285 196
13 564 421
14 205 452
15 451 441
16 454 350
17 410 455
18 516 338
19 401 433
20 517 304
21 415 418
22 499 306
23 452 579
24 279 554
25 426 863
26 259 864
27 395 1132
28 237 1134
29 380 1175
30 211 1177
31 435 1209
32 304 1203
0 514 68
1 510 37
2 513 37
3 516 37
4 491 34
5 480 32
6 469 30
7 482 44
8 416 38
9 505 96
10 484 95
11 500 214
12 277 196
13 568 414
14 188 447
15 444 445
16 430 355
17 406 460
18 489 345
19 394 438
20 495 311
21 407 422
22 478 312
23 448 579
24 277 549
25 420 860
26 248 858
27 389 1126
28 225 1121
29 376 1168
30 202 1163
31 421 1205
32 281 1194
0 512 68
1 508 37
2 511 37
3 513 37
4 489 34
5 478 31
6 466 29
7 479 44
8 412 37
9 502 97
10 481 96
11 502 213
12 272 196
13 569 401
14 182 442
15 451 449
16 403 355
17 414 462
18 461 348
19 410 438
20 471 311
21 421 424
22 455 312
23 443 576
24 276 544
25 415 852
26 243 849
27 385 1116
28 219 1105
29 372 1158
30 198 1143
31 414 1194
32 273 1180
0 504 65
1 499 34
2 501 35
3 502 35
4 481 31
5 471 29
6 459 27
7 467 42
8 408 35
9 493 95
10 474 93
11 498 212
12 266 196
13 570 386
14 167 437
15 464 446
16 367 358
17 433 459
18 425 357
19 430 429
20 433 319
21 436 417
22 416 316
23 440 572
24 271 547
25 414 845
26 247 843
27 387 1107
28 222 1099
29 373 1147
30 207 1136
31 416 1182
32 283 1172
0 495 65
1 491 34
2 494 35
3 496 35
4 473 31
5 462 29
6 450 27
7 457 43
8 399 35
9 486 96
10 465 93
11 492 211
12 263 195
13 566 380
14 157 436
15 476 439
16 352 360
17 446 452
18 409 360
19 443 422
20 417 320
21 448 412
22 400 317
23 433 546
24 270 554
25 413 843
26 249 841
27 386 1101
28 227 1096
29 373 1140
30 213 1133
31 415 1174
32 286 1167
0 485 64
1 483 34
2 486 34
3 489 34
4 464 30
5 454 28
6 442 26
7 455 42
8 393 35
9 479 94
10 457 91
11 489 209
12 262 194
13 567 374
14 152 435
15 478 436
16 342 360
17 450 451
18 398 359
19 444 424
20 405 320
21 448 413
22 389 317
23 430 533
24 267 555
25 410 836
26 247 835
27 385 1094
28 229 1087
29 373 1131
30 214 1123
31 410 1167
32 288 1158
0 472 62
1 472 33
2 476 33
3 479 33
4 453 29
5 443 27
6 431 25
7 448 42
8 386 34
9 466 92
10 445 87
11 485 206
12 259 192
13 564 369
14 144 431
15 474 441
16 309 358
17 446 459
18 357 356
19 437 430
20 370 317
21 442 420
22 355 315
23 424 530
24 269 537
25 402 825
26 242 822
27 380 1083
28 230 1073
29 371 1118
30 215 1106
31 393 1157
32 274 1145
0 462 62
1 467 33
2 471 33
3 475 33
4 446 29
5 435 27
6 424 26
7 447 42
8 381 34
9 458 92
10 436 87
11 480 207
12 254 192
13 556 368
14 136 429
15 464 448
16 280 355
17 436 466
18 326 350
19 428 437
20 335 308
21 433 428
22 325 306
23 414 528
24 269 532
25 393 822
26 237 819
27 373 1078
28 230 1069
29 364 1113
30 215 1102
31 390 1149
32 273 1137
0 451 58
1 457 32
2 462 33
3 467 33
4 436 28
5 426 26
6 414 24
7 445 43
8 376 34
9 448 89
10 425 83
11 478 208
12 252 191
13 549 368
14 135 424
15 449 458
16 263 347
17 424 474
18 303 336
19 416 446
20 310 294
21 421 437
22 302 295
23 409 526
24 261 527
25 385 819
26 228 813
27 368 1073
28 225 1060
29 361 1107
30 213 1092
31 374 1145
32 257 1129
0 448 58
1 455 32
2 461 33
3 466 33
4 434 27
5 423 26
6 411 24
7 446 43
8 374 34
9 446 88
10 423 83
11 477 209
12 250 188
13 543 366
14 136 418
15 450 464
16 247 337
17 427 481
18 287 323
19 417 456
20 290 281
21 421 447
22 282 284
23 400 526
24 258 523
25 371 815
26 219 808
27 351 1068
28 212 1054
29 343 1101
30 201 1086
31 353 1141
32 239 1121
0 446 57
1 451 31
2 457 32
3 462 33
4 430 27
5 420 25
6 409 24
7 440 43
8 371 34
9 444 88
10 422 83
11 473 213
12 252 188
13 532 368
14 134 414
15 446 468
16 225 319
17 423 484
18 252 289
19 413 457
20 257 247
21 417 448
22 255 254
23 395 529
24 258 527
25 366 817
26 213 812
27 339 1073
28 201 1063
29 328 1108
30 186 1096
31 356 1145
32 238 1130
0 439 55
1 448 30
2 454 32
3 460 33
4 425 26
5 414 24
6 403 22
7 442 43
8 365 34
9 440 86
10 415 81
11 470 215
12 251 188
13 529 369
14 136 408
15 447 469
16 213 309
17 422 487
18 229 272
19 411 461
20 236 237
21 416 451
22 238 248
23 390 529
24 257 526
25 365 817
26 211 811
27 336 1073
28 197 1064
29 326 1107
30 182 1097
31 347 1144
32 229 1128
0 440 55
1 447 30
2 453 32
3 459 33
4 426 26
5 416 24
6 404 22
7 441 43
8 365 34
9 442 86
10 417 81
11 468 215
12 247 186
13 525 370
14 134 404
15 447 466
16 207 297
17 422 484
18 217 258
19 412 457
20 223 225
21 416 448
22 228 238
23 390 524
24 254 520
25 357 810
26 208 803
27 322 1068
28 190 1056
29 312 1102
30 174 1088
31 332 1138
32 222 1120
0 436 55
1 444 30
2 451 32
3 456 33
4 422 26
5 411 24
6 399 22
7 440 44
8 362 34
9 437 86
10 412 80
11 468 216
12 245 187
13 526 371
14 133 401
15 449 470
16 205 287
17 425 492
18 205 242
19 414 465
20 214 210
21 418 454
22 223 225
23 389 524
24 253 520
25 360 810
26 209 804
27 329 1069
28 195 1057
29 321 1102
30 178 1087
31 335 1140
32 224 1123
0 435 54
1 443 30
2 450 32
3 456 33
4 420 25
5 410 23
6 398 21
7 440 44
8 360 34
9 437 84
10 411 78
11 468 216
12 240 187
13 525 372
14 132 399
15 448 470
16 205 281
17 424 494
18 203 235
19 411 467
20 211 205
21 415 455
22 222 220
23 388 520
24 251 518
25 362 807
26 209 800
27 330 1066
28 196 1051
29 323 1097
30 181 1080
31 329 1137
32 219 1118
0 435 53
1 442 30
2 448 31
3 453 32
4 420 25
5 409 23
6 397 21
7 437 44
8 358 34
9 436 83
10 410 78
11 467 216
12 241 187
13 520 373
14 133 395
15 448 470
16 202 268
17 425 493
18 195 217
19 412 467
20 205 192
21 416 456
22 218 209
23 390 520
24 251 517
25 364 805
26 210 800
27 333 1066
28 197 1052
29 324 1098
30 187 1082
31 335 1138
32 223 1120
0 437 53
1 443 30
2 448 31
3 453 32
4 421 25
5 411 23
6 399 21
7 435 44
8 360 33
9 437 83
10 412 77
11 467 216
12 242 187
13 519 373
14 133 396
15 449 469
16 201 262
17 426 491
18 192 209
19 413 466
20 204 186
21 416 455
22 216 204
23 391 518
24 252 517
25 365 804
26 210 801
27 340 1065
28 206 1052
29 335 1097
30 200 1082
31 337 1137
32 224 1121
0 436 51
1 443 29
2 449 30
3 454 32
4 421 23
5 411 21
6 399 19
7 436 44
8 359 32
9 437 82
10 411 76
11 467 216
12 242 187
13 517 373
14 133 393
15 448 468
16 197 257
17 427 490
18 184 201
19 413 465
20 200 180
21 417 454
22 213 200
23 393 517
24 252 516
25 368 805
26 213 802
27 343 1065
28 212 1053
29 340 1096
30 207 1082
31 340 1137
32 226 1122
0 437 51
1 443 29
2 448 30
3 453 32
4 421 23
5 412 21
6 400 19
7 435 44
8 360 32
9 437 82
10 412 76
11 465 216
12 242 187
13 516 372
14 132 386
15 449 468
16 189 249
17 427 492
18 176 191
19 413 468
20 195 169
21 417 456
22 209 192
23 393 518
24 252 516
25 370 805
26 215 802
27 347 1065
28 216 1053
29 344 1097
30 212 1083
31 341 1137
32 228 1123
0 437 52
1 443 29
2 449 31
3 454 32
4 421 23
5 411 21
6 400 19
7 435 44
8 360 32
9 437 82
10 411 76
11 466 217
12 242 185
13 512 375
14 128 384
15 448 470
16 187 242
17 427 497
18 179 184
19 412 473
20 201 162
21 416 459
22 216 187
23 394 519
24 252 517
25 370 806
26 215 802
27 346 1067
28 216 1054
29 343 1099
30 211 1084
31 340 1139
32 229 1127
0 437 52
1 444 29
2 449 31
3 454 32
4 422 23
5 412 21
6 400 19
7 435 44
8 361 32
9 437 82
10 412 76
11 466 217
12 242 183
13 512 375
14 127 382
15 448 470
16 190 237
17 427 497
18 185 180
19 412 474
20 207 158
21 416 460
22 221 182
23 394 517
24 252 515
25 370 805
26 215 801
27 346 1066
28 216 1053
29 343 1097
30 210 1082
31 341 1138
32 230 1125
0 438 52
1 444 29
2 449 31
3 454 32
4 422 23
5 412 21
6 401 19
7 435 44
8 361 32
9 438 82
10 412 77
11 466 217
12 243 182
13 510 375
14 126 381
15 448 471
16 192 238
17 428 498
18 189 180
19 413 475
20 211 157
21 416 461
22 225 183
23 395 518
24 253 515
25 371 805
26 215 802
27 346 1066
28 215 1054
29 343 1098
30 210 1083
31 342 1139
32 231 1126
0 438 53
1 444 29
2 449 31
3 454 32
4 422 24
5 412 22
6 401 20
7 435 44
8 361 33
9 438 83
10 413 78
11 466 218
12 243 182
13 509 378
14 126 382
15 448 472
16 198 240
17 427 500
18 199 183
19 413 476
20 221 161
21 416 461
22 235 184
23 395 518
24 253 515
25 371 805
26 216 802
27 346 1065
28 215 1053
29 343 1096
30 210 1082
31 343 1137
32 232 1125
0 441 55
1 444 30
2 449 32
3 454 33
4 425 26
5 415 24
6 405 22
7 431 45
8 362 34
9 438 84
10 415 80
11 465 217
12 243 182
13 509 378
14 126 382
15 447 473
16 213 243
17 427 501
18 218 187
19 413 477
20 235 164
21 416 461
22 248 186
23 395 518
24 253 516
25 373 805
26 217 803
27 349 1065
28 217 1053
29 345 1096
30 212 1082
31 349 1137
32 235 1125
0 441 54
1 444 30
2 449 31
3 454 32
4 424 25
5 415 23
6 405 22
7 431 44
8 362 34
9 438 84
10 415 80
11 465 217
12 243 182
13 509 380
14 126 384
15 447 473
16 230 244
17 426 501
18 236 189
19 413 474
20 248 165
21 417 460
22 259 186
23 396 519
24 253 519
25 375 806
26 218 807
27 351 1065
28 218 1056
29 347 1097
30 213 1084
31 353 1138
32 239 1128
0 441 54
1 444 29
2 449 31
3 454 32
4 425 25
5 415 23
6 405 22
7 430 44
8 363 34
9 438 84
10 416 80
11 464 217
12 243 182
13 509 380
14 126 388
15 447 473
16 241 245
17 426 498
18 254 191
19 414 471
20 264 166
21 418 459
22 271 188
23 396 519
24 253 519
25 375 806
26 220 808
27 351 1065
28 220 1057
29 347 1097
30 213 1086
31 355 1136
32 246 1128
0 447 56
1 448 31
2 452 32
3 455 32
4 431 27
5 422 25
6 413 23
7 430 44
8 372 34
9 440 85
10 420 81
11 459 216
12 244 176
13 507 384
14 129 397
15 449 466
16 253 269
17 428 482
18 279 216
19 421 457
20 277 188
21 425 448
22 278 203
23 392 518
24 253 519
25 374 804
26 220 807
27 348 1059
28 219 1054
29 341 1092
30 208 1085
31 357 1128
32 251 1119
0 449 57
1 450 32
2 453 33
3 457 33
4 433 28
5 424 26
6 414 25
7 432 44
8 375 35
9 441 86
10 422 82
11 459 216
12 250 175
13 508 389
14 132 399
15 453 454
16 255 299
17 429 463
18 291 270
19 425 436
20 283 222
21 429 430
22 281 235
23 392 517
24 255 519
25 374 804
26 223 806
27 349 1056
28 219 1053
29 341 1091
30 206 1085
31 363 1122
32 259 1114
0 454 60
1 452 33
2 455 33
3 458 34
4 436 30
5 427 28
6 417 27
7 432 45
8 377 37
9 445 89
10 428 86
11 460 218
12 253 183
13 507 395
14 135 404
15 468 442
16 257 314
17 448 452
18 295 284
19 444 424
20 293 243
21 446 418
22 285 254
23 390 517
24 250 541
25 374 806
26 224 809
27 347 1057
28 218 1056
29 338 1093
30 199 1091
31 368 1124
32 267 1114
0 458 65
1 456 37
2 458 38
3 460 39
4 441 35
5 433 34
6 424 33
7 432 49
8 380 43
9 449 94
10 433 91
11 460 222
12 253 190
13 507 406
14 137 411
15 487 433
16 257 322
17 472 443
18 286 293
19 470 410
20 289 252
21 469 405
22 285 261
23 392 518
24 250 548
25 381 809
26 232 813
27 352 1059
28 219 1063
29 341 1097
30 199 1100
31 380 1124
32 275 1118
0 458 65
1 457 37
2 459 38
3 462 39
4 441 35
5 433 34
6 423 33
7 434 49
8 380 42
9 450 94
10 433 91
11 462 222
12 252 190
13 512 413
14 142 415
15 522 412
16 275 339
17 528 415
18 304 318
19 519 384
20 307 277
21 509 380
22 303 281
23 392 519
24 250 539
25 376 811
26 225 815
27 345 1059
28 204 1060
29 333 1097
30 184 1094
31 375 1125
32 257 1119
0 461 65
1 459 38
2 461 39
3 463 39
4 444 35
5 436 34
6 426 33
7 434 49
8 382 42
9 451 94
10 436 91
11 462 223
12 252 190
13 516 410
14 150 416
15 542 403
16 281 356
17 554 399
18 314 337
19 549 374
20 323 299
21 537 374
22 318 301
23 389 520
24 239 546
25 363 815
26 218 816
27 329 1062
28 190 1060
29 315 1100
30 167 1094
31 365 1126
32 248 1119
0 468 65
1 463 38
2 464 39
3 465 39
4 450 35
5 442 34
6 432 33
7 434 49
8 385 42
9 456 93
10 443 91
11 462 223
12 252 190
13 517 400
14 154 415
15 557 391
16 286 372
17 581 387
18 326 364
19 576 368
20 336 326
21 563 370
22 329 325
23 389 520
24 239 552
25 364 820
26 223 823
27 331 1066
28 195 1067
29 317 1104
30 170 1102
31 373 1128
32 263 1128
0 472 65
1 466 38
2 467 39
3 468 39
4 453 36
5 444 35
6 435 33
7 434 49
8 387 42
9 461 93
10 447 91
11 462 222
12 252 192
13 513 376
14 153 415
15 574 386
16 289 389
17 605 385
18 334 384
19 606 368
20 347 349
21 589 370
22 339 347
23 389 520
24 240 555
25 365 822
26 232 828
27 336 1067
28 204 1070
29 318 1106
30 172 1105
31 389 1128
32 282 1133
0 474 64
1 468 38
2 469 38
3 469 39
4 455 36
5 446 35
6 436 33
7 434 47
8 387 42
9 464 91
10 449 89
11 464 222
12 252 192
13 540 380
14 155 417
15 616 378
16 301 405
17 658 371
18 351 406
19 647 345
20 362 367
21 625 350
22 352 365
23 393 524
24 240 561
25 374 832
26 234 838
27 342 1082
28 205 1083
29 323 1122
30 174 1120
31 388 1146
32 278 1149
0 475 62
1 469 36
2 470 37
3 471 37
4 454 34
5 445 33
6 435 32
7 435 46
8 387 42
9 466 90
10 449 88
11 469 222
12 253 192
13 566 381
14 157 418
15 643 377
16 309 418
17 688 374
18 356 426
19 678 352
20 371 385
21 655 355
22 359 381
23 400 524
24 242 560
25 389 835
26 242 841
27 358 1091
28 216 1090
29 342 1132
30 187 1127
31 398 1157
32 283 1158
0 475 62
1 470 36
2 471 37
3 472 37
4 455 34
5 446 33
6 435 32
7 435 46
8 387 42
9 466 90
10 449 88
11 471 223
12 254 192
13 581 382
14 159 418
15 678 385
16 313 427
17 725 385
18 360 443
19 715 362
20 377 403
21 690 363
22 366 396
23 404 525
24 242 561
25 392 839
26 241 846
27 364 1106
28 218 1104
29 350 1147
30 190 1141
31 400 1174
32 285 1175
0 475 62
1 469 36
2 471 37
3 472 37
4 456 34
5 447 33
6 437 32
7 436 46
8 390 42
9 466 89
10 449 87
11 471 221
12 256 194
13 591 376
14 167 422
15 661 386
16 337 435
17 695 387
18 388 453
19 680 366
20 405 420
21 660 367
22 391 411
23 419 522
24 254 563
25 411 837
26 251 844
27 389 1103
28 233 1102
29 377 1145
30 210 1140
31 425 1172
32 300 1172
0 476 61
1 470 36
2 471 37
3 472 37
4 456 34
5 447 33
6 438 32
7 437 46
8 391 42
9 466 88
10 450 86
11 473 221
12 258 195
13 594 373
14 171 424
15 634 389
16 350 442
17 659 399
18 398 461
19 645 382
20 418 428
21 629 380
22 403 418
23 421 520
24 257 563
25 414 837
26 252 845
27 393 1104
28 236 1105
29 381 1147
30 213 1145
31 428 1172
32 307 1173
0 476 58
1 470 35
2 472 35
3 474 36
4 456 33
5 447 32
6 438 31
7 440 45
8 390 42
9 466 86
10 450 85
11 474 219
12 259 196
13 592 366
14 178 426
15 621 389
16 354 449
17 645 401
18 400 464
19 643 385
20 420 431
21 627 381
22 406 421
23 419 516
24 257 560
25 410 837
26 253 843
27 388 1103
28 236 1105
29 376 1146
30 212 1144
31 425 1170
32 306 1172
0 475 57
1 470 33
2 472 34
3 474 34
4 456 31
5 446 30
6 436 30
7 441 45
8 390 42
9 466 86
10 450 84
11 476 219
12 260 196
13 597 368
14 180 428
15 587 390
16 362 449
17 558 406
18 407 463
19 534 385
20 425 431
21 531 379
22 412 421
23 418 512
24 257 557
25 409 836
26 251 843
27 385 1103
28 233 1106
29 371 1145
30 206 1147
31 422 1169
32 305 1172
0 476 57
1 472 33
2 474 34
3 476 34
4 456 31
5 447 30
6 436 29
7 442 45
8 390 42
9 467 86
10 450 84
11 479 218
12 260 196
13 612 369
14 180 430
15 519 397
16 367 455
17 488 437
18 414 470
19 468 406
20 432 437
21 466 389
22 416 426
23 417 511
24 257 556
25 408 834
26 251 838
27 383 1102
28 232 1104
29 370 1144
30 205 1144
31 419 1168
32 302 1170
0 477 57
1 473 33
2 475 34
3 477 34
4 457 31
5 447 30
6 436 29
7 444 45
8 390 42
9 468 86
10 451 84
11 480 218
12 260 196
13 616 369
14 181 431
15 538 402
16 371 458
17 518 441
18 417 474
19 494 410
20 435 440
21 493 394
22 420 430
23 417 508
24 255 553
25 404 834
26 249 837
27 375 1101
28 224 1103
29 361 1143
30 197 1142
31 407 1169
32 287 1169
0 478 56
1 474 33
2 476 33
3 478 34
4 457 31
5 447 30
6 437 29
7 445 45
8 391 42
9 469 85
10 452 84
11 481 219
12 261 196
13 614 370
14 181 432
15 551 402
16 377 457
17 531 435
18 422 474
19 503 408
20 440 441
21 502 387
22 425 431
23 416 508
24 254 553
25 403 836
26 248 837
27 374 1104
28 220 1104
29 360 1146
30 194 1146
31 407 1171
32 282 1170
0 481 56
1 476 32
2 478 33
3 480 33
4 459 30
5 449 29
6 438 28
7 447 44
8 393 41
9 472 85
10 455 83
11 485 218
12 262 197
13 612 372
14 181 434
15 507 414
16 374 458
17 485 452
18 422 473
19 463 417
20 438 437
21 463 399
22 423 428
23 417 505
24 258 552
25 406 836
26 251 838
27 377 1103
28 228 1105
29 363 1146
30 202 1147
31 416 1171
32 292 1169
0 484 55
1 478 31
2 480 32
3 481 33
4 462 30
5 452 29
6 441 28
7 447 44
8 394 41
9 475 85
10 459 83
11 485 219
12 263 198
13 610 375
14 180 436
15 518 413
16 376 460
17 502 448
18 425 474
19 477 419
20 443 441
21 476 399
22 427 430
23 416 506
24 258 553
25 412 836
26 256 841
27 379 1103
28 235 1108
29 364 1145
30 208 1152
31 421 1170
32 304 1172
0 491 55
1 482 31
2 484 32
3 485 32
4 468 30
5 458 29
6 447 28
7 448 44
8 397 42
9 481 85
10 466 83
11 486 219
12 264 198
13 612 383
14 180 441
15 503 421
16 373 464
17 478 458
18 424 476
19 458 423
20 441 442
21 459 405
22 425 431
23 415 510
24 258 556
25 411 842
26 254 846
27 376 1107
28 226 1115
29 358 1151
30 196 1160
31 421 1177
32 298 1180
0 494 57
1 487 32
2 488 32
3 489 33
4 472 30
5 463 30
6 451 29
7 452 44
8 401 42
9 484 87
10 469 85
11 486 219
12 265 198
13 614 384
14 180 443
15 549 421
16 375 460
17 490 453
18 426 473
19 474 421
20 440 439
21 469 404
22 425 429
23 415 514
24 258 558
25 405 852
26 248 853
27 370 1116
28 221 1120
29 352 1160
30 192 1164
31 421 1182
32 297 1188
0 497 58
1 489 33
2 490 33
3 491 34
4 476 31
5 467 31
6 457 30
7 452 45
8 405 44
9 485 88
10 472 86
11 486 219
12 266 198
13 615 384
14 181 443
15 626 421
16 377 459
17 639 450
18 425 473
19 614 422
20 440 439
21 601 415
22 425 429
23 415 514
24 258 558
25 419 848
26 254 852
27 381 1115
28 229 1118
29 362 1160
30 200 1162
31 429 1181
32 305 1185
0 500 58
1 491 33
2 492 33
3 492 34
4 479 32
5 470 31
6 460 30
7 452 45
8 408 44
9 488 88
10 476 86
11 486 219
12 267 198
13 613 380
14 182 444
15 605 420
16 380 458
17 606 446
18 428 472
19 607 421
20 442 441
21 586 413
22 427 431
23 414 513
24 258 558
25 416 847
26 254 851
27 380 1113
28 229 1117
29 361 1158
30 200 1160
31 428 1178
32 308 1185
0 501 58
1 493 33
2 493 33
3 493 34
4 481 32
5 473 31
6 463 31
7 453 46
8 412 44
9 489 88
10 478 86
11 486 219
12 268 199
13 615 380
14 184 444
15 595 420
16 378 457
17 561 445
18 426 471
19 537 421
20 440 440
21 535 413
22 426 430
23 414 513
24 259 558
25 416 846
26 254 850
27 377 1112
28 227 1116
29 358 1158
30 197 1160
31 424 1178
32 305 1184
0 503 58
1 495 33
2 495 34
3 495 34
4 482 32
5 474 31
6 464 31
7 454 46
8 413 44
9 491 88
10 480 86
11 487 220
12 268 199
13 615 381
14 185 444
15 594 421
16 378 457
17 588 447
18 425 474
19 558 423
20 440 441
21 534 407
22 426 430
23 414 518
24 259 563
25 415 854
26 254 857
27 377 1119
28 226 1123
29 358 1164
30 196 1167
31 423 1185
32 305 1189
0 504 59
1 497 34
2 497 34
3 497 35
4 485 33
5 476 32
6 466 31
7 456 46
8 414 44
9 492 89
10 481 87
11 487 220
12 269 199
13 615 381
14 186 444
15 563 422
16 377 457
17 519 452
18 424 475
19 475 427
20 439 442
21 470 411
22 425 431
23 414 518
24 260 563
25 414 853
26 253 856
27 377 1117
28 224 1122
29 357 1162
30 194 1166
31 423 1184
32 305 1188
0 507 63
1 500 37
2 500 37
3 499 37
4 490 36
5 481 35
6 472 34
7 457 47
8 417 45
9 494 92
10 483 90
11 488 220
12 270 199
13 614 381
14 187 444
15 589 422
16 377 457
17 591 451
18 422 475
19 561 428
20 436 443
21 506 406
22 424 431
23 419 554
24 260 563
25 418 846
26 253 856
27 377 1115
28 222 1121
29 357 1159
30 193 1165
31 423 1183
32 297 1187
0 508 64
1 501 38
2 501 38
3 500 38
4 490 37
5 482 36
6 472 35
7 457 48
8 418 46
9 495 92
10 484 91
11 488 220
12 270 199
13 614 381
14 188 444
15 656 424
16 377 458
17 683 451
18 421 479
19 660 430
20 436 445
21 640 421
22 424 433
23 420 565
24 259 563
25 424 841
26 254 854
27 377 1114
28 222 1121
29 357 1158
30 193 1164
31 422 1183
32 297 1186
0 508 66
1 502 40
2 502 39
3 501 39
4 491 39
5 482 38
6 472 37
7 458 49
8 418 48
9 496 95
10 484 93
11 488 220
12 270 199
13 614 381
14 188 444
15 658 433
16 374 458
17 685 460
18 418 478
19 661 445
20 432 444
21 644 440
22 421 433
23 421 568
24 259 563
25 429 838
26 256 851
27 377 1113
28 222 1120
29 357 1157
30 192 1164
31 422 1182
32 297 1186
0 510 70
1 503 43
2 503 43
3 502 43
4 493 43
5 485 42
6 475 41
7 458 52
8 419 51
9 497 99
10 487 98
11 488 221
12 271 199
13 613 378
14 188 444
15 689 432
16 372 458
17 724 460
18 414 478
19 707 446
20 429 444
21 686 441
22 418 432
23 421 563
24 259 563
25 475 801
26 293 812
27 403 1078
28 243 1108
29 373 1120
30 206 1159
31 449 1164
32 328 1179
0 512 71
1 505 46
2 505 46
3 503 46
4 497 45
5 489 45
6 480 43
7 459 54
8 424 52
9 498 100
10 488 99
11 488 221
12 271 199
13 611 375
14 188 444
15 686 432
16 372 460
17 720 459
18 414 478
19 702 443
20 428 444
21 683 438
22 417 434
23 421 562
24 259 561
25 462 808
26 289 817
27 398 1082
28 242 1107
29 368 1125
30 206 1156
31 442 1165
32 323 1178
0 513 72
1 507 47
2 507 47
3 505 46
4 499 46
5 492 45
6 482 44
7 461 55
8 426 52
9 499 100
10 490 99
11 488 222
12 272 199
13 611 374
14 188 444
15 709 442
16 372 461
17 746 470
18 414 478
19 734 459
20 428 445
21 712 456
22 417 435
23 416 533
24 259 562
25 483 788
26 309 787
27 415 1060
28 254 1094
29 383 1102
30 214 1149
31 466 1146
32 345 1164
0 514 79
1 510 52
2 510 53
3 509 52
4 501 51
5 493 49
6 483 47
7 467 59
8 426 53
9 499 106
10 490 104
11 488 222
12 272 199
13 611 373
14 189 444
15 701 440
16 371 460
17 736 467
18 412 477
19 719 455
20 427 445
21 698 450
22 416 435
23 417 550
24 258 562
25 470 796
26 305 797
27 414 1065
28 252 1096
29 380 1108
30 211 1149
31 463 1146
32 339 1165
0 515 81
1 511 54
2 511 54
3 510 54
4 501 52
5 493 51
6 483 49
7 468 60
8 426 54
9 500 108
10 490 107
11 489 222
12 272 199
13 611 373
14 189 444
15 693 436
16 371 461
17 727 460
18 413 477
19 709 448
20 427 445
21 689 450
22 416 435
23 419 560
24 259 562
25 457 815
26 294 822
27 409 1083
28 250 1103
29 378 1127
30 210 1153
31 459 1161
32 337 1169
0 515 81
1 512 53
2 512 53
3 511 53
4 502 52
5 493 51
6 483 48
7 469 60
8 426 54
9 502 108
10 491 107
11 490 222
12 273 200
13 610 370
14 189 444
15 691 430
16 371 461
17 724 455
18 413 476
19 707 445
20 427 445
21 687 449
22 416 435
23 414 528
24 259 562
25 466 805
26 305 806
27 412 1071
28 255 1099
29 383 1114
30 214 1152
31 466 1151
32 348 1164
0 515 81
1 512 54
2 512 54
3 512 54
4 501 52
5 493 51
6 482 49
7 472 60
8 426 55
9 502 109
10 490 107
11 492 222
12 273 200
13 611 369
14 190 444
15 725 436
16 369 461
17 769 464
18 412 477
19 756 455
20 426 445
21 730 454
22 416 435
23 416 550
24 258 563
25 473 802
26 302 805
27 411 1072
28 252 1100
29 382 1114
30 213 1152
31 460 1153
32 340 1166
0 515 84
1 513 57
2 513 57
3 513 56
4 501 55
5 493 53
6 482 51
7 474 61
8 426 56
9 502 111
10 490 109
11 493 222
12 273 201
13 614 369
14 191 444
15 710 438
16 368 463
17 746 468
18 410 480
19 729 458
20 425 446
21 707 454
22 415 436
23 420 561
24 259 564
25 472 802
26 298 811
27 408 1078
28 250 1106
29 380 1120
30 213 1158
31 457 1165
32 336 1177
0 515 84
1 513 56
2 513 56
3 513 56
4 501 54
5 492 53
6 482 51
7 475 61
8 426 56
9 503 111
10 490 109
11 494 222
12 273 201
13 615 369
14 191 444
15 598 437
16 368 463
17 595 468
18 411 480
19 507 447
20 425 446
21 509 434
22 414 437
23 422 562
24 259 565
25 473 803
26 297 810
27 405 1078
28 250 1106
29 372 1120
30 211 1158
31 449 1168
32 335 1177
0 516 85
1 514 57
2 514 57
3 514 57
4 502 55
5 493 53
6 483 51
7 475 62
8 427 56
9 503 112
10 491 110
11 494 222
12 273 201
13 615 369
14 191 444
15 572 435
16 370 464
17 529 467
18 413 480
19 472 443
20 426 447
21 474 427
22 414 438
23 414 528
24 259 564
25 470 802
26 299 798
27 405 1078
28 249 1098
29 372 1119
30 210 1151
31 448 1168
32 333 1173
0 517 85
1 515 58
2 515 58
3 515 57
4 503 55
5 494 54
6 483 51
7 475 62
8 427 56
9 503 112
10 491 110
11 495 222
12 273 201
13 618 369
14 191 445
15 598 435
16 370 464
17 592 467
18 413 480
19 512 435
20 426 447
21 510 419
22 414 438
23 416 545
24 259 562
25 455 806
26 288 799
27 392 1081
28 238 1099
29 363 1122
30 201 1151
31 435 1169
32 317 1173
0 517 85
1 515 57
2 515 57
3 515 57
4 503 55
5 494 53
6 483 51
7 477 62
8 427 56
9 504 111
10 491 110
11 496 222
12 274 201
13 622 369
14 192 445
15 640 437
16 369 464
17 656 470
18 412 480
19 628 450
20 425 447
21 615 440
22 414 437
23 420 551
24 260 562
25 471 801
26 297 797
27 397 1078
28 242 1097
29 365 1119
30 204 1149
31 438 1168
32 322 1171
0 517 84
1 515 57
2 516 57
3 516 57
4 503 55
5 494 53
6 483 51
7 478 62
8 428 56
9 505 111
10 491 109
11 497 222
12 274 201
13 626 369
14 192 444
15 691 440
16 366 465
17 721 473
18 411 480
19 704 459
20 424 447
21 685 453
22 413 437
23 422 551
24 260 562
25 479 793
26 307 790
27 405 1069
28 250 1093
29 372 1110
30 211 1147
31 448 1161
32 334 1166
0 517 84
1 515 57
2 516 57
3 516 56
4 503 55
5 494 53
6 483 51
7 479 62
8 428 56
9 505 111
10 491 109
11 498 222
12 274 201
13 627 368
14 192 444
15 665 440
16 366 466
17 678 476
18 411 481
19 672 461
20 424 447
21 662 453
22 413 437
23 424 551
24 261 562
25 491 785
26 321 772
27 414 1061
28 260 1086
29 380 1101
30 220 1141
31 459 1156
32 346 1161
0 517 85
1 515 57
2 516 57
3 516 56
4 503 55
5 494 54
6 483 51
7 478 62
8 428 56
9 506 111
10 492 110
11 498 221
12 275 201
13 627 365
14 192 444
15 676 440
16 365 466
17 700 475
18 411 481
19 684 460
20 424 447
21 668 453
22 413 437
23 424 554
24 261 560
25 457 800
26 289 801
27 391 1072
28 245 1088
29 363 1114
30 210 1142
31 435 1158
32 323 1161
0 519 86
1 517 58
2 517 58
3 517 57
4 505 56
5 497 54
6 486 52
7 478 62
8 430 57
9 506 112
10 493 111
11 499 221
12 275 201
13 627 364
14 192 444
15 696 445
16 363 467
17 726 479
18 410 483
19 707 467
20 424 448
21 689 461
22 413 438
23 428 563
24 265 563
25 456 816
26 281 834
27 391 1089
28 243 1105
29 364 1132
30 210 1151
31 434 1171
32 318 1177
0 521 86
1 518 58
2 518 57
3 518 57
4 507 56
5 499 54
6 489 52
7 478 62
8 432 57
9 507 112
10 495 111
11 500 221
12 275 202
13 627 363
14 192 444
15 702 445
16 363 467
17 735 479
18 410 484
19 714 465
20 424 449
21 696 459
22 413 438
23 428 569
24 265 563
25 423 840
26 261 849
27 377 1109
28 227 1113
29 356 1153
30 198 1156
31 420 1182
32 296 1181
0 522 85
1 519 57
2 519 57
3 518 57
4 508 55
5 499 54
6 489 52
7 478 62
8 432 57
9 508 112
10 496 110
11 500 221
12 276 202
13 628 362
14 192 444
15 719 444
16 364 467
17 753 479
18 411 484
19 737 464
20 425 449
21 716 458
22 414 438
23 428 567
24 265 563
25 461 816
26 284 820
27 387 1093
28 234 1107
29 359 1135
30 199 1155
31 432 1177
32 317 1179
0 522 80
1 518 54
2 518 55
3 518 55
4 508 52
5 499 51
6 489 49
7 476 62
8 432 56
9 508 108
10 496 107
11 500 220
12 276 201
13 628 362
14 192 444
15 723 444
16 365 467
17 757 475
18 411 484
19 742 464
20 425 449
21 721 457
22 414 439
23 428 565
24 265 560
25 463 807
26 285 813
27 388 1084
28 238 1101
29 360 1126
30 204 1149
31 432 1169
32 320 1173
0 522 77
1 518 53
2 518 53
3 517 53
4 508 51
5 499 49
6 489 47
7 475 61
8 432 55
9 508 105
10 496 104
11 501 220
12 276 201
13 629 361
14 193 444
15 719 443
16 367 467
17 750 474
18 411 484
19 726 463
20 425 450
21 706 456
22 414 439
23 428 564
24 265 560
25 460 808
26 285 814
27 389 1084
28 238 1101
29 360 1126
30 205 1149
31 432 1169
32 320 1173
0 522 76
1 518 52
2 517 53
3 516 53
4 508 50
5 499 49
6 489 47
7 472 61
8 432 55
9 508 104
10 497 104
11 501 218
12 276 201
13 628 360
14 193 443
15 609 437
16 367 467
17 608 471
18 410 484
19 530 443
20 424 450
21 505 428
22 413 440
23 428 563
24 265 558
25 455 808
26 281 814
27 388 1083
28 237 1099
29 361 1124
30 205 1145
31 430 1167
32 315 1171
0 521 75
1 517 51
2 516 51
3 515 51
4 507 49
5 498 47
6 488 46
7 472 60
8 431 55
9 508 103
10 497 103
11 502 217
12 276 201
13 628 359
14 193 443
15 627 437
16 367 466
17 637 471
18 409 484
19 594 447
20 423 449
21 575 433
22 413 439
23 430 560
24 265 558
25 467 801
26 287 811
27 395 1079
28 243 1098
29 365 1120
30 211 1145
31 436 1165
32 323 1171
0 521 74
1 516 50
2 516 50
3 515 50
4 506 48
5 498 47
6 488 45
7 471 60
8 431 55
9 508 102
10 497 102
11 502 217
12 277 201
13 628 357
14 193 443
15 667 437
16 369 467
17 689 471
18 412 484
19 675 450
20 425 450
21 657 439
22 415 440
23 421 513
24 266 558
25 503 763
26 339 751
27 422 1037
28 270 1064
29 389 1074
30 233 1118
31 467 1134
32 351 1143
0 522 74
1 516 50
2 516 50
3 515 50
4 506 48
5 498 47
6 488 45
7 471 59
8 431 55
9 508 103
10 497 102
11 502 216
12 277 201
13 626 357
14 193 443
15 628 437
16 371 467
17 633 473
18 413 485
19 608 452
20 427 451
21 524 425
22 417 441
23 419 499
24 266 557
25 521 750
26 344 744
27 439 1024
28 281 1057
29 404 1063
30 245 1113
31 485 1124
32 365 1136
[ WARN:1] global C:\Users\runneradmin\AppData\Local\Temp\pip-req-build-_xlv4eex\opencv\modules\videoio\src\cap_msmf.cpp (438) `anonymous-namespace'::SourceReaderCB::~SourceReaderCB terminating async callback
